  [1m[35m (754.4ms)[0m  [1m[35mCREATE DATABASE "donut-reviews_development" ENCODING = 'unicode'[0m
  ↳ /Users/Lance/.gem/ruby/2.3.3/bin/rake:23
  [1m[35m (466.9ms)[0m  [1m[35mCREATE DATABASE "donut-reviews_test" ENCODING = 'unicode'[0m
  ↳ /Users/Lance/.gem/ruby/2.3.3/bin/rake:23
  [1m[35m (13.3ms)[0m  [1m[35mCREATE TABLE "schema_migrations" ("version" character varying NOT NULL PRIMARY KEY)[0m
  ↳ /Users/Lance/.gem/ruby/2.3.3/bin/rake:23
  [1m[35m (25.6ms)[0m  [1m[35mCREATE TABLE "ar_internal_metadata" ("key" character varying NOT NULL PRIMARY KEY, "value" character varying, "created_at" timestamp NOT NULL, "updated_at" timestamp NOT NULL)[0m
  ↳ /Users/Lance/.gem/ruby/2.3.3/bin/rake:23
  [1m[35m (0.8ms)[0m  [1m[34mSELECT pg_try_advisory_lock(6974092177755640560)[0m
  ↳ /Users/Lance/.gem/ruby/2.3.3/bin/rake:23
  [1m[35m (1.2ms)[0m  [1m[34mSELECT "schema_migrations"."version" FROM "schema_migrations" ORDER BY "schema_migrations"."version" ASC[0m
  ↳ /Users/Lance/.gem/ruby/2.3.3/bin/rake:23
Migrating to DeviseCreateUsers (20181015152037)
  [1m[35m (0.4ms)[0m  [1m[35mBEGIN[0m
  ↳ /Users/Lance/.gem/ruby/2.3.3/bin/rake:23
  [1m[35m (25.5ms)[0m  [1m[35mCREATE TABLE "users" ("id" bigserial primary key, "email" character varying DEFAULT '' NOT NULL, "encrypted_password" character varying DEFAULT '' NOT NULL, "reset_password_token" character varying, "reset_password_sent_at" timestamp, "remember_created_at" timestamp, "created_at" timestamp NOT NULL, "updated_at" timestamp NOT NULL)[0m
  ↳ db/migrate/20181015152037_devise_create_users.rb:5
  [1m[35m (1.8ms)[0m  [1m[35mCREATE UNIQUE INDEX  "index_users_on_email" ON "users"  ("email")[0m
  ↳ db/migrate/20181015152037_devise_create_users.rb:39
  [1m[35m (1.2ms)[0m  [1m[35mCREATE UNIQUE INDEX  "index_users_on_reset_password_token" ON "users"  ("reset_password_token")[0m
  ↳ db/migrate/20181015152037_devise_create_users.rb:40
  [1m[36mActiveRecord::SchemaMigration Create (0.8ms)[0m  [1m[32mINSERT INTO "schema_migrations" ("version") VALUES ($1) RETURNING "version"[0m  [["version", "20181015152037"]]
  ↳ /Users/Lance/.gem/ruby/2.3.3/bin/rake:23
  [1m[35m (1.6ms)[0m  [1m[35mCOMMIT[0m
  ↳ /Users/Lance/.gem/ruby/2.3.3/bin/rake:23
  [1m[36mActiveRecord::InternalMetadata Load (0.5ms)[0m  [1m[34mSELECT  "ar_internal_metadata".* FROM "ar_internal_metadata" WHERE "ar_internal_metadata"."key" = $1 LIMIT $2[0m  [["key", "environment"], ["LIMIT", 1]]
  ↳ /Users/Lance/.gem/ruby/2.3.3/bin/rake:23
  [1m[35m (0.4ms)[0m  [1m[35mBEGIN[0m
  ↳ /Users/Lance/.gem/ruby/2.3.3/bin/rake:23
  [1m[36mActiveRecord::InternalMetadata Create (1.0ms)[0m  [1m[32mINSERT INTO "ar_internal_metadata" ("key", "value", "created_at", "updated_at") VALUES ($1, $2, $3, $4) RETURNING "key"[0m  [["key", "environment"], ["value", "development"], ["created_at", "2018-10-15 18:42:30.678156"], ["updated_at", "2018-10-15 18:42:30.678156"]]
  ↳ /Users/Lance/.gem/ruby/2.3.3/bin/rake:23
  [1m[35m (6.8ms)[0m  [1m[35mCOMMIT[0m
  ↳ /Users/Lance/.gem/ruby/2.3.3/bin/rake:23
  [1m[35m (0.5ms)[0m  [1m[34mSELECT pg_advisory_unlock(6974092177755640560)[0m
  ↳ /Users/Lance/.gem/ruby/2.3.3/bin/rake:23
  [1m[35m (2.5ms)[0m  [1m[34mSELECT "schema_migrations"."version" FROM "schema_migrations" ORDER BY "schema_migrations"."version" ASC[0m
  ↳ /Users/Lance/.gem/ruby/2.3.3/bin/rake:23
  [1m[35m (1.4ms)[0m  [1m[34mSELECT "schema_migrations"."version" FROM "schema_migrations" ORDER BY "schema_migrations"."version" ASC[0m
  ↳ /Users/Lance/.gem/ruby/2.3.3/bin/rake:23
  [1m[35m (0.4ms)[0m  [1m[34mSELECT "schema_migrations"."version" FROM "schema_migrations" ORDER BY "schema_migrations"."version" ASC[0m
  ↳ /Users/Lance/.gem/ruby/2.3.3/bin/rake:23
  [1m[35m (0.4ms)[0m  [1m[34mSELECT "schema_migrations"."version" FROM "schema_migrations" ORDER BY "schema_migrations"."version" ASC[0m
  ↳ /Users/Lance/.gem/ruby/2.3.3/bin/rake:23
  [1m[35m (0.2ms)[0m  [1m[34mSELECT pg_try_advisory_lock(6974092177755640560)[0m
  ↳ /Users/Lance/.gem/ruby/2.3.3/bin/rake:23
  [1m[35m (0.3ms)[0m  [1m[34mSELECT "schema_migrations"."version" FROM "schema_migrations" ORDER BY "schema_migrations"."version" ASC[0m
  ↳ /Users/Lance/.gem/ruby/2.3.3/bin/rake:23
Migrating to DeviseCreateUsers (20181015152037)
  [1m[35m (0.2ms)[0m  [1m[35mBEGIN[0m
  ↳ /Users/Lance/.gem/ruby/2.3.3/bin/rake:23
  [1m[35m (2.1ms)[0m  [1m[35mDROP INDEX  "index_users_on_reset_password_token"[0m
  ↳ /Users/Lance/.gem/ruby/2.3.3/bin/rake:23
  [1m[35m (0.4ms)[0m  [1m[35mDROP INDEX  "index_users_on_email"[0m
  ↳ /Users/Lance/.gem/ruby/2.3.3/bin/rake:23
  [1m[35m (2.0ms)[0m  [1m[35mDROP TABLE "users"[0m
  ↳ /Users/Lance/.gem/ruby/2.3.3/bin/rake:23
  [1m[36mActiveRecord::SchemaMigration Destroy (1.0ms)[0m  [1m[31mDELETE FROM "schema_migrations" WHERE "schema_migrations"."version" = $1[0m  [["version", "20181015152037"]]
  ↳ /Users/Lance/.gem/ruby/2.3.3/bin/rake:23
  [1m[35m (5.0ms)[0m  [1m[35mCOMMIT[0m
  ↳ /Users/Lance/.gem/ruby/2.3.3/bin/rake:23
  [1m[35m (0.5ms)[0m  [1m[34mSELECT pg_advisory_unlock(6974092177755640560)[0m
  ↳ /Users/Lance/.gem/ruby/2.3.3/bin/rake:23
  [1m[35m (0.6ms)[0m  [1m[34mSELECT "schema_migrations"."version" FROM "schema_migrations" ORDER BY "schema_migrations"."version" ASC[0m
  ↳ /Users/Lance/.gem/ruby/2.3.3/bin/rake:23
  [1m[35m (0.3ms)[0m  [1m[34mSELECT pg_try_advisory_lock(6974092177755640560)[0m
  ↳ /Users/Lance/.gem/ruby/2.3.3/bin/rake:23
  [1m[35m (1.0ms)[0m  [1m[34mSELECT "schema_migrations"."version" FROM "schema_migrations" ORDER BY "schema_migrations"."version" ASC[0m
  ↳ /Users/Lance/.gem/ruby/2.3.3/bin/rake:23
Migrating to DeviseCreateUsers (20181015152037)
  [1m[35m (0.2ms)[0m  [1m[35mBEGIN[0m
  ↳ /Users/Lance/.gem/ruby/2.3.3/bin/rake:23
  [1m[35m (14.0ms)[0m  [1m[35mCREATE TABLE "users" ("id" bigserial primary key, "email" character varying DEFAULT '' NOT NULL, "encrypted_password" character varying DEFAULT '' NOT NULL, "reset_password_token" character varying, "reset_password_sent_at" timestamp, "remember_created_at" timestamp, "created_at" timestamp NOT NULL, "updated_at" timestamp NOT NULL)[0m
  ↳ db/migrate/20181015152037_devise_create_users.rb:5
  [1m[35m (1.4ms)[0m  [1m[35mCREATE UNIQUE INDEX  "index_users_on_email" ON "users"  ("email")[0m
  ↳ db/migrate/20181015152037_devise_create_users.rb:39
  [1m[35m (1.7ms)[0m  [1m[35mCREATE UNIQUE INDEX  "index_users_on_reset_password_token" ON "users"  ("reset_password_token")[0m
  ↳ db/migrate/20181015152037_devise_create_users.rb:40
  [1m[36mActiveRecord::SchemaMigration Create (0.5ms)[0m  [1m[32mINSERT INTO "schema_migrations" ("version") VALUES ($1) RETURNING "version"[0m  [["version", "20181015152037"]]
  ↳ /Users/Lance/.gem/ruby/2.3.3/bin/rake:23
  [1m[35m (0.7ms)[0m  [1m[35mCOMMIT[0m
  ↳ /Users/Lance/.gem/ruby/2.3.3/bin/rake:23
  [1m[36mActiveRecord::InternalMetadata Load (0.6ms)[0m  [1m[34mSELECT  "ar_internal_metadata".* FROM "ar_internal_metadata" WHERE "ar_internal_metadata"."key" = $1 LIMIT $2[0m  [["key", "environment"], ["LIMIT", 1]]
  ↳ /Users/Lance/.gem/ruby/2.3.3/bin/rake:23
  [1m[35m (0.3ms)[0m  [1m[35mBEGIN[0m
  ↳ /Users/Lance/.gem/ruby/2.3.3/bin/rake:23
  [1m[35m (0.3ms)[0m  [1m[35mCOMMIT[0m
  ↳ /Users/Lance/.gem/ruby/2.3.3/bin/rake:23
  [1m[35m (0.4ms)[0m  [1m[34mSELECT pg_advisory_unlock(6974092177755640560)[0m
  ↳ /Users/Lance/.gem/ruby/2.3.3/bin/rake:23
  [1m[35m (0.3ms)[0m  [1m[34mSELECT "schema_migrations"."version" FROM "schema_migrations" ORDER BY "schema_migrations"."version" ASC[0m
  ↳ /Users/Lance/.gem/ruby/2.3.3/bin/rake:23
Started GET "/" for 127.0.0.1 at 2018-10-15 14:43:57 -0400
  [1m[35m (1.6ms)[0m  [1m[34mSELECT "schema_migrations"."version" FROM "schema_migrations" ORDER BY "schema_migrations"."version" ASC[0m
  ↳ /Users/Lance/.gem/ruby/2.3.3/gems/activerecord-5.2.1/lib/active_record/log_subscriber.rb:98
Processing by HomesController#index as HTML
  Rendering homes/index.html.erb within layouts/application
  Rendered homes/index.html.erb within layouts/application (2.8ms)
Completed 200 OK in 9182ms (Views: 9179.4ms | ActiveRecord: 0.0ms)


Started GET "/" for 127.0.0.1 at 2018-10-15 14:44:46 -0400
Processing by HomesController#index as HTML
  Rendering homes/index.html.erb within layouts/application
  Rendered homes/index.html.erb within layouts/application (0.8ms)
Completed 200 OK in 75ms (Views: 72.2ms | ActiveRecord: 0.0ms)


Started GET "/" for 127.0.0.1 at 2018-10-15 14:48:20 -0400
Processing by HomesController#index as HTML
  Rendering homes/index.html.erb within layouts/application
  Rendered homes/index.html.erb within layouts/application (0.4ms)
Completed 200 OK in 66ms (Views: 63.1ms | ActiveRecord: 0.0ms)


Started GET "/" for 127.0.0.1 at 2018-10-15 14:48:22 -0400
Processing by HomesController#index as HTML
  Rendering homes/index.html.erb within layouts/application
  Rendered homes/index.html.erb within layouts/application (0.8ms)
Completed 200 OK in 47ms (Views: 45.4ms | ActiveRecord: 0.0ms)


Started GET "/" for 127.0.0.1 at 2018-10-15 14:49:05 -0400
Processing by HomesController#index as HTML
  Rendering homes/index.html.erb within layouts/application
  Rendered homes/index.html.erb within layouts/application (0.5ms)
Completed 200 OK in 100ms (Views: 97.1ms | ActiveRecord: 0.0ms)


Started GET "/shops" for 127.0.0.1 at 2018-10-15 14:49:46 -0400
  
ActionController::RoutingError (No route matches [GET] "/shops"):
  
actionpack (5.2.1) lib/action_dispatch/middleware/debug_exceptions.rb:65:in `call'
web-console (3.7.0) lib/web_console/middleware.rb:135:in `call_app'
web-console (3.7.0) lib/web_console/middleware.rb:30:in `block in call'
web-console (3.7.0) lib/web_console/middleware.rb:20:in `catch'
web-console (3.7.0) lib/web_console/middleware.rb:20:in `call'
actionpack (5.2.1) lib/action_dispatch/middleware/show_exceptions.rb:33:in `call'
railties (5.2.1) lib/rails/rack/logger.rb:38:in `call_app'
railties (5.2.1) lib/rails/rack/logger.rb:26:in `block in call'
activesupport (5.2.1) lib/active_support/tagged_logging.rb:71:in `block in tagged'
activesupport (5.2.1) lib/active_support/tagged_logging.rb:28:in `tagged'
activesupport (5.2.1) lib/active_support/tagged_logging.rb:71:in `tagged'
railties (5.2.1) lib/rails/rack/logger.rb:26:in `call'
sprockets-rails (3.2.1) lib/sprockets/rails/quiet_assets.rb:13:in `call'
actionpack (5.2.1) lib/action_dispatch/middleware/remote_ip.rb:81:in `call'
actionpack (5.2.1) lib/action_dispatch/middleware/request_id.rb:27:in `call'
rack (2.0.5) lib/rack/method_override.rb:22:in `call'
rack (2.0.5) lib/rack/runtime.rb:22:in `call'
activesupport (5.2.1) lib/active_support/cache/strategy/local_cache_middleware.rb:29:in `call'
actionpack (5.2.1) lib/action_dispatch/middleware/executor.rb:14:in `call'
actionpack (5.2.1) lib/action_dispatch/middleware/static.rb:127:in `call'
rack (2.0.5) lib/rack/sendfile.rb:111:in `call'
webpacker (3.5.5) lib/webpacker/dev_server_proxy.rb:22:in `perform_request'
rack-proxy (0.6.5) lib/rack/proxy.rb:57:in `call'
railties (5.2.1) lib/rails/engine.rb:524:in `call'
puma (3.12.0) lib/puma/configuration.rb:225:in `call'
puma (3.12.0) lib/puma/server.rb:658:in `handle_request'
puma (3.12.0) lib/puma/server.rb:472:in `process_client'
puma (3.12.0) lib/puma/server.rb:332:in `block in run'
puma (3.12.0) lib/puma/thread_pool.rb:133:in `block in spawn_thread'
  [1m[35m (0.3ms)[0m  [1m[34mSELECT pg_try_advisory_lock(6974092177755640560)[0m
  ↳ /Users/Lance/.gem/ruby/2.3.3/bin/rake:23
  [1m[35m (1.4ms)[0m  [1m[34mSELECT "schema_migrations"."version" FROM "schema_migrations" ORDER BY "schema_migrations"."version" ASC[0m
  ↳ /Users/Lance/.gem/ruby/2.3.3/bin/rake:23
Migrating to CreateShops (20181015185308)
  [1m[35m (0.3ms)[0m  [1m[35mBEGIN[0m
  ↳ /Users/Lance/.gem/ruby/2.3.3/bin/rake:23
  [1m[35m (26.0ms)[0m  [1m[35mCREATE TABLE "shops" ("id" bigserial primary key, "name" character varying NOT NULL, "address" character varying NOT NULL, "city" character varying NOT NULL, "state" character varying NOT NULL, "zip" character varying NOT NULL, "phone_number" character varying, "created_at" timestamp NOT NULL, "updated_at" timestamp NOT NULL)[0m
  ↳ db/migrate/20181015185308_create_shops.rb:3
  [1m[36mActiveRecord::SchemaMigration Create (0.6ms)[0m  [1m[32mINSERT INTO "schema_migrations" ("version") VALUES ($1) RETURNING "version"[0m  [["version", "20181015185308"]]
  ↳ /Users/Lance/.gem/ruby/2.3.3/bin/rake:23
  [1m[35m (0.9ms)[0m  [1m[35mCOMMIT[0m
  ↳ /Users/Lance/.gem/ruby/2.3.3/bin/rake:23
  [1m[36mActiveRecord::InternalMetadata Load (0.6ms)[0m  [1m[34mSELECT  "ar_internal_metadata".* FROM "ar_internal_metadata" WHERE "ar_internal_metadata"."key" = $1 LIMIT $2[0m  [["key", "environment"], ["LIMIT", 1]]
  ↳ /Users/Lance/.gem/ruby/2.3.3/bin/rake:23
  [1m[35m (0.3ms)[0m  [1m[35mBEGIN[0m
  ↳ /Users/Lance/.gem/ruby/2.3.3/bin/rake:23
  [1m[35m (0.2ms)[0m  [1m[35mCOMMIT[0m
  ↳ /Users/Lance/.gem/ruby/2.3.3/bin/rake:23
  [1m[35m (0.4ms)[0m  [1m[34mSELECT pg_advisory_unlock(6974092177755640560)[0m
  ↳ /Users/Lance/.gem/ruby/2.3.3/bin/rake:23
  [1m[35m (0.3ms)[0m  [1m[34mSELECT "schema_migrations"."version" FROM "schema_migrations" ORDER BY "schema_migrations"."version" ASC[0m
  ↳ /Users/Lance/.gem/ruby/2.3.3/bin/rake:23
  [1m[35m (1.1ms)[0m  [1m[34mSELECT "schema_migrations"."version" FROM "schema_migrations" ORDER BY "schema_migrations"."version" ASC[0m
  ↳ /Users/Lance/.gem/ruby/2.3.3/bin/rake:23
  [1m[35m (0.4ms)[0m  [1m[34mSELECT "schema_migrations"."version" FROM "schema_migrations" ORDER BY "schema_migrations"."version" ASC[0m
  ↳ /Users/Lance/.gem/ruby/2.3.3/bin/rake:23
  [1m[35m (0.4ms)[0m  [1m[34mSELECT "schema_migrations"."version" FROM "schema_migrations" ORDER BY "schema_migrations"."version" ASC[0m
  ↳ /Users/Lance/.gem/ruby/2.3.3/bin/rake:23
  [1m[35m (0.3ms)[0m  [1m[34mSELECT pg_try_advisory_lock(6974092177755640560)[0m
  ↳ /Users/Lance/.gem/ruby/2.3.3/bin/rake:23
  [1m[35m (0.3ms)[0m  [1m[34mSELECT "schema_migrations"."version" FROM "schema_migrations" ORDER BY "schema_migrations"."version" ASC[0m
  ↳ /Users/Lance/.gem/ruby/2.3.3/bin/rake:23
Migrating to CreateShops (20181015185308)
  [1m[35m (0.2ms)[0m  [1m[35mBEGIN[0m
  ↳ /Users/Lance/.gem/ruby/2.3.3/bin/rake:23
  [1m[35m (2.3ms)[0m  [1m[35mDROP TABLE "shops"[0m
  ↳ /Users/Lance/.gem/ruby/2.3.3/bin/rake:23
  [1m[36mActiveRecord::SchemaMigration Destroy (0.7ms)[0m  [1m[31mDELETE FROM "schema_migrations" WHERE "schema_migrations"."version" = $1[0m  [["version", "20181015185308"]]
  ↳ /Users/Lance/.gem/ruby/2.3.3/bin/rake:23
  [1m[35m (10.1ms)[0m  [1m[35mCOMMIT[0m
  ↳ /Users/Lance/.gem/ruby/2.3.3/bin/rake:23
  [1m[35m (0.5ms)[0m  [1m[34mSELECT pg_advisory_unlock(6974092177755640560)[0m
  ↳ /Users/Lance/.gem/ruby/2.3.3/bin/rake:23
  [1m[35m (0.3ms)[0m  [1m[34mSELECT "schema_migrations"."version" FROM "schema_migrations" ORDER BY "schema_migrations"."version" ASC[0m
  ↳ /Users/Lance/.gem/ruby/2.3.3/bin/rake:23
  [1m[35m (0.2ms)[0m  [1m[34mSELECT pg_try_advisory_lock(6974092177755640560)[0m
  ↳ /Users/Lance/.gem/ruby/2.3.3/bin/rake:23
  [1m[35m (1.0ms)[0m  [1m[34mSELECT "schema_migrations"."version" FROM "schema_migrations" ORDER BY "schema_migrations"."version" ASC[0m
  ↳ /Users/Lance/.gem/ruby/2.3.3/bin/rake:23
Migrating to CreateShops (20181015185308)
  [1m[35m (0.2ms)[0m  [1m[35mBEGIN[0m
  ↳ /Users/Lance/.gem/ruby/2.3.3/bin/rake:23
  [1m[35m (25.2ms)[0m  [1m[35mCREATE TABLE "shops" ("id" bigserial primary key, "name" character varying NOT NULL, "address" character varying NOT NULL, "city" character varying NOT NULL, "state" character varying NOT NULL, "zip" character varying NOT NULL, "phone_number" character varying, "created_at" timestamp NOT NULL, "updated_at" timestamp NOT NULL)[0m
  ↳ db/migrate/20181015185308_create_shops.rb:3
  [1m[36mActiveRecord::SchemaMigration Create (0.6ms)[0m  [1m[32mINSERT INTO "schema_migrations" ("version") VALUES ($1) RETURNING "version"[0m  [["version", "20181015185308"]]
  ↳ /Users/Lance/.gem/ruby/2.3.3/bin/rake:23
  [1m[35m (0.6ms)[0m  [1m[35mCOMMIT[0m
  ↳ /Users/Lance/.gem/ruby/2.3.3/bin/rake:23
  [1m[36mActiveRecord::InternalMetadata Load (0.7ms)[0m  [1m[34mSELECT  "ar_internal_metadata".* FROM "ar_internal_metadata" WHERE "ar_internal_metadata"."key" = $1 LIMIT $2[0m  [["key", "environment"], ["LIMIT", 1]]
  ↳ /Users/Lance/.gem/ruby/2.3.3/bin/rake:23
  [1m[35m (0.2ms)[0m  [1m[35mBEGIN[0m
  ↳ /Users/Lance/.gem/ruby/2.3.3/bin/rake:23
  [1m[35m (0.2ms)[0m  [1m[35mCOMMIT[0m
  ↳ /Users/Lance/.gem/ruby/2.3.3/bin/rake:23
  [1m[35m (0.4ms)[0m  [1m[34mSELECT pg_advisory_unlock(6974092177755640560)[0m
  ↳ /Users/Lance/.gem/ruby/2.3.3/bin/rake:23
  [1m[35m (0.4ms)[0m  [1m[34mSELECT "schema_migrations"."version" FROM "schema_migrations" ORDER BY "schema_migrations"."version" ASC[0m
  ↳ /Users/Lance/.gem/ruby/2.3.3/bin/rake:23
  [1m[35m (1.1ms)[0m  [1m[34mSELECT "schema_migrations"."version" FROM "schema_migrations" ORDER BY "schema_migrations"."version" ASC[0m
  ↳ /Users/Lance/.gem/ruby/2.3.3/bin/rake:23
  [1m[35m (0.3ms)[0m  [1m[35mBEGIN[0m
  ↳ db/seeds.rb:10
  [1m[36mShop Create (1.5ms)[0m  [1m[32mINSERT INTO "shops" ("name", "address", "city", "state", "zip", "phone_number", "created_at", "updated_at") VALUES ($1, $2, $3, $4, $5, $6, $7, $8) RETURNING "id"[0m  [["name", "Dunkin' Donuts"], ["address", "101 Summer Street"], ["city", "Boston"], ["state", "MA"], ["zip", "02110"], ["phone_number", "6173388141"], ["created_at", "2018-10-15 19:04:22.359649"], ["updated_at", "2018-10-15 19:04:22.359649"]]
  ↳ db/seeds.rb:10
  [1m[35m (0.5ms)[0m  [1m[35mCOMMIT[0m
  ↳ db/seeds.rb:10
  [1m[35m (0.2ms)[0m  [1m[35mBEGIN[0m
  ↳ db/seeds.rb:11
  [1m[36mShop Create (0.4ms)[0m  [1m[32mINSERT INTO "shops" ("name", "address", "city", "state", "zip", "phone_number", "created_at", "updated_at") VALUES ($1, $2, $3, $4, $5, $6, $7, $8) RETURNING "id"[0m  [["name", "Blackbird Doughnuts"], ["address", "492 Tremont St"], ["city", "Boston"], ["state", "MA"], ["zip", "02116"], ["phone_number", "6174829000"], ["created_at", "2018-10-15 19:04:22.364041"], ["updated_at", "2018-10-15 19:04:22.364041"]]
  ↳ db/seeds.rb:11
  [1m[35m (0.5ms)[0m  [1m[35mCOMMIT[0m
  ↳ db/seeds.rb:11
  [1m[35m (0.2ms)[0m  [1m[35mBEGIN[0m
  ↳ db/seeds.rb:12
  [1m[36mShop Create (0.5ms)[0m  [1m[32mINSERT INTO "shops" ("name", "address", "city", "state", "zip", "phone_number", "created_at", "updated_at") VALUES ($1, $2, $3, $4, $5, $6, $7, $8) RETURNING "id"[0m  [["name", "Holy Donut"], ["address", "7 Exchange St"], ["city", "Portland"], ["state", "ME"], ["zip", "04101"], ["phone_number", "2077757776"], ["created_at", "2018-10-15 19:04:22.366424"], ["updated_at", "2018-10-15 19:04:22.366424"]]
  ↳ db/seeds.rb:12
  [1m[35m (0.4ms)[0m  [1m[35mCOMMIT[0m
  ↳ db/seeds.rb:12
Started GET "/" for 127.0.0.1 at 2018-10-15 15:07:50 -0400
  [1m[35m (1.7ms)[0m  [1m[34mSELECT "schema_migrations"."version" FROM "schema_migrations" ORDER BY "schema_migrations"."version" ASC[0m
  ↳ /Users/Lance/.gem/ruby/2.3.3/gems/activerecord-5.2.1/lib/active_record/log_subscriber.rb:98
Processing by HomesController#index as HTML
  Rendering homes/index.html.erb within layouts/application
  Rendered homes/index.html.erb within layouts/application (1.1ms)
Completed 200 OK in 90ms (Views: 87.1ms | ActiveRecord: 0.0ms)


Started GET "/" for 127.0.0.1 at 2018-10-15 15:07:59 -0400
Processing by HomesController#index as HTML
  Rendering homes/index.html.erb within layouts/application
  Rendered homes/index.html.erb within layouts/application (0.3ms)
Completed 200 OK in 50ms (Views: 47.5ms | ActiveRecord: 0.0ms)


Started GET "/" for 127.0.0.1 at 2018-10-15 15:09:35 -0400
Processing by HomesController#index as HTML
  Rendering homes/index.html.erb within layouts/application
  Rendered homes/index.html.erb within layouts/application (0.5ms)
Completed 200 OK in 55ms (Views: 52.9ms | ActiveRecord: 0.0ms)


Started GET "/" for 127.0.0.1 at 2018-10-15 15:09:59 -0400
Processing by HomesController#index as HTML
  Rendering homes/index.html.erb within layouts/application
  Rendered homes/index.html.erb within layouts/application (0.6ms)
Completed 200 OK in 94ms (Views: 91.8ms | ActiveRecord: 0.0ms)


Started GET "/" for 127.0.0.1 at 2018-10-15 15:10:01 -0400
Processing by HomesController#index as HTML
  Rendering homes/index.html.erb within layouts/application
  Rendered homes/index.html.erb within layouts/application (1.1ms)
Completed 200 OK in 75ms (Views: 71.9ms | ActiveRecord: 0.0ms)


Started GET "/" for 127.0.0.1 at 2018-10-15 15:10:01 -0400
Processing by HomesController#index as HTML
  Rendering homes/index.html.erb within layouts/application
  Rendered homes/index.html.erb within layouts/application (0.9ms)
Completed 200 OK in 142ms (Views: 139.2ms | ActiveRecord: 0.0ms)


Started GET "/" for 127.0.0.1 at 2018-10-15 15:10:02 -0400
Processing by HomesController#index as HTML
  Rendering homes/index.html.erb within layouts/application
  Rendered homes/index.html.erb within layouts/application (0.5ms)
Completed 200 OK in 86ms (Views: 80.3ms | ActiveRecord: 0.0ms)


Started GET "/" for 127.0.0.1 at 2018-10-15 15:10:03 -0400
Processing by HomesController#index as HTML
  Rendering homes/index.html.erb within layouts/application
  Rendered homes/index.html.erb within layouts/application (0.5ms)
Completed 200 OK in 101ms (Views: 98.9ms | ActiveRecord: 0.0ms)


Started GET "/" for 127.0.0.1 at 2018-10-15 15:10:03 -0400
Processing by HomesController#index as HTML
  Rendering homes/index.html.erb within layouts/application
  Rendered homes/index.html.erb within layouts/application (0.4ms)
Completed 200 OK in 56ms (Views: 51.5ms | ActiveRecord: 0.0ms)


Started GET "/" for 127.0.0.1 at 2018-10-15 15:10:22 -0400
Processing by HomesController#index as HTML
  Rendering homes/index.html.erb within layouts/application
  Rendered homes/index.html.erb within layouts/application (0.5ms)
Completed 200 OK in 59ms (Views: 56.3ms | ActiveRecord: 0.0ms)


Started GET "/" for 127.0.0.1 at 2018-10-15 15:10:40 -0400
Processing by HomesController#index as HTML
  Rendering homes/index.html.erb within layouts/application
  Rendered homes/index.html.erb within layouts/application (0.4ms)
Completed 200 OK in 47ms (Views: 45.0ms | ActiveRecord: 0.0ms)


Started GET "/" for 127.0.0.1 at 2018-10-15 15:10:56 -0400
Processing by HomesController#index as HTML
  Rendering homes/index.html.erb within layouts/application
  Rendered homes/index.html.erb within layouts/application (0.4ms)
Completed 200 OK in 51ms (Views: 48.7ms | ActiveRecord: 0.0ms)


Started GET "/" for 127.0.0.1 at 2018-10-15 15:11:07 -0400
Processing by HomesController#index as HTML
  Rendering homes/index.html.erb within layouts/application
  Rendered homes/index.html.erb within layouts/application (0.4ms)
Completed 200 OK in 51ms (Views: 49.1ms | ActiveRecord: 0.0ms)


Started GET "/" for 127.0.0.1 at 2018-10-15 15:11:57 -0400
Processing by HomesController#index as HTML
  Rendering homes/index.html.erb within layouts/application
  Rendered homes/index.html.erb within layouts/application (0.4ms)
Completed 200 OK in 73ms (Views: 71.7ms | ActiveRecord: 0.0ms)


Started GET "/" for 127.0.0.1 at 2018-10-15 15:12:34 -0400
Processing by HomesController#index as HTML
  Rendering homes/index.html.erb within layouts/application
  Rendered homes/index.html.erb within layouts/application (0.4ms)
Completed 200 OK in 64ms (Views: 62.4ms | ActiveRecord: 0.0ms)


Started GET "/" for 127.0.0.1 at 2018-10-15 15:12:40 -0400
Processing by HomesController#index as HTML
  Rendering homes/index.html.erb within layouts/application
  Rendered homes/index.html.erb within layouts/application (0.3ms)
Completed 200 OK in 48ms (Views: 46.2ms | ActiveRecord: 0.0ms)


Started GET "/" for 127.0.0.1 at 2018-10-15 15:12:59 -0400
Processing by HomesController#index as HTML
  Rendering homes/index.html.erb within layouts/application
  Rendered homes/index.html.erb within layouts/application (0.4ms)
Completed 200 OK in 47ms (Views: 45.0ms | ActiveRecord: 0.0ms)


Started GET "/" for 127.0.0.1 at 2018-10-15 15:13:12 -0400
Processing by HomesController#index as HTML
  Rendering homes/index.html.erb within layouts/application
  Rendered homes/index.html.erb within layouts/application (0.6ms)
Completed 200 OK in 82ms (Views: 78.3ms | ActiveRecord: 0.0ms)


Started GET "/" for 127.0.0.1 at 2018-10-15 15:15:05 -0400
Processing by HomesController#index as HTML
  Rendering homes/index.html.erb within layouts/application
  Rendered homes/index.html.erb within layouts/application (0.4ms)
Completed 200 OK in 56ms (Views: 52.7ms | ActiveRecord: 0.0ms)


Started GET "/api/v1/shops.json" for 127.0.0.1 at 2018-10-15 15:15:05 -0400
Processing by Api::V1::ShopsController#index as JSON
  [1m[36mShop Load (12.6ms)[0m  [1m[34mSELECT "shops".* FROM "shops"[0m
  ↳ app/controllers/api/v1/shops_controller.rb:5
Completed 200 OK in 72ms (Views: 26.5ms | ActiveRecord: 42.7ms)


Started GET "/" for 127.0.0.1 at 2018-10-15 15:20:15 -0400
Processing by HomesController#index as HTML
  Rendering homes/index.html.erb within layouts/application
  Rendered homes/index.html.erb within layouts/application (0.4ms)
Completed 200 OK in 73ms (Views: 70.1ms | ActiveRecord: 0.0ms)


Started GET "/api/v1/shops.json" for 127.0.0.1 at 2018-10-15 15:20:15 -0400
Processing by Api::V1::ShopsController#index as JSON
  [1m[36mShop Load (0.7ms)[0m  [1m[34mSELECT "shops".* FROM "shops"[0m
  ↳ app/controllers/api/v1/shops_controller.rb:5
Completed 200 OK in 5ms (Views: 3.2ms | ActiveRecord: 0.7ms)


Started GET "/" for 127.0.0.1 at 2018-10-15 15:20:16 -0400
Processing by HomesController#index as HTML
  Rendering homes/index.html.erb within layouts/application
  Rendered homes/index.html.erb within layouts/application (0.5ms)
Completed 200 OK in 95ms (Views: 92.2ms | ActiveRecord: 0.0ms)


Started GET "/api/v1/shops.json" for 127.0.0.1 at 2018-10-15 15:20:16 -0400
Processing by Api::V1::ShopsController#index as JSON
  [1m[36mShop Load (3.4ms)[0m  [1m[34mSELECT "shops".* FROM "shops"[0m
  ↳ app/controllers/api/v1/shops_controller.rb:5
Completed 200 OK in 6ms (Views: 2.4ms | ActiveRecord: 3.4ms)


Started GET "/" for 127.0.0.1 at 2018-10-15 15:20:34 -0400
Processing by HomesController#index as HTML
  Rendering homes/index.html.erb within layouts/application
  Rendered homes/index.html.erb within layouts/application (0.5ms)
Completed 200 OK in 259ms (Views: 255.7ms | ActiveRecord: 0.0ms)


Started GET "/api/v1/shops.json" for 127.0.0.1 at 2018-10-15 15:20:35 -0400
Processing by Api::V1::ShopsController#index as JSON
  [1m[36mShop Load (1.0ms)[0m  [1m[34mSELECT "shops".* FROM "shops"[0m
  ↳ app/controllers/api/v1/shops_controller.rb:5
Completed 200 OK in 3ms (Views: 1.6ms | ActiveRecord: 1.0ms)


Started GET "/" for 127.0.0.1 at 2018-10-15 15:20:56 -0400
Processing by HomesController#index as HTML
  Rendering homes/index.html.erb within layouts/application
  Rendered homes/index.html.erb within layouts/application (0.3ms)
Completed 200 OK in 48ms (Views: 46.2ms | ActiveRecord: 0.0ms)


Started GET "/api/v1/shops.json" for 127.0.0.1 at 2018-10-15 15:20:57 -0400
Processing by Api::V1::ShopsController#index as JSON
  [1m[36mShop Load (1.3ms)[0m  [1m[34mSELECT "shops".* FROM "shops"[0m
  ↳ app/controllers/api/v1/shops_controller.rb:5
Completed 200 OK in 4ms (Views: 2.3ms | ActiveRecord: 1.3ms)


Started GET "/" for 127.0.0.1 at 2018-10-15 15:21:27 -0400
Processing by HomesController#index as HTML
  Rendering homes/index.html.erb within layouts/application
  Rendered homes/index.html.erb within layouts/application (0.5ms)
Completed 200 OK in 59ms (Views: 56.9ms | ActiveRecord: 0.0ms)


Started GET "/api/v1/shops.json" for 127.0.0.1 at 2018-10-15 15:21:28 -0400
Processing by Api::V1::ShopsController#index as JSON
  [1m[36mShop Load (0.6ms)[0m  [1m[34mSELECT "shops".* FROM "shops"[0m
  ↳ app/controllers/api/v1/shops_controller.rb:5
Completed 200 OK in 3ms (Views: 2.3ms | ActiveRecord: 0.6ms)


Started GET "/" for 127.0.0.1 at 2018-10-15 15:21:33 -0400
Processing by HomesController#index as HTML
  Rendering homes/index.html.erb within layouts/application
  Rendered homes/index.html.erb within layouts/application (0.5ms)
Completed 200 OK in 51ms (Views: 49.2ms | ActiveRecord: 0.0ms)


Started GET "/api/v1/shops.json" for 127.0.0.1 at 2018-10-15 15:21:33 -0400
Processing by Api::V1::ShopsController#index as JSON
  [1m[36mShop Load (1.3ms)[0m  [1m[34mSELECT "shops".* FROM "shops"[0m
  ↳ app/controllers/api/v1/shops_controller.rb:5
Completed 200 OK in 4ms (Views: 2.3ms | ActiveRecord: 1.3ms)


Started GET "/" for 127.0.0.1 at 2018-10-15 15:21:37 -0400
Processing by HomesController#index as HTML
  Rendering homes/index.html.erb within layouts/application
  Rendered homes/index.html.erb within layouts/application (0.4ms)
Completed 200 OK in 59ms (Views: 57.4ms | ActiveRecord: 0.0ms)


Started GET "/api/v1/shops.json" for 127.0.0.1 at 2018-10-15 15:21:38 -0400
Processing by Api::V1::ShopsController#index as JSON
  [1m[36mShop Load (0.9ms)[0m  [1m[34mSELECT "shops".* FROM "shops"[0m
  ↳ app/controllers/api/v1/shops_controller.rb:5
Completed 200 OK in 3ms (Views: 1.6ms | ActiveRecord: 0.9ms)


Started GET "/" for 127.0.0.1 at 2018-10-15 15:21:53 -0400
Processing by HomesController#index as HTML
  Rendering homes/index.html.erb within layouts/application
  Rendered homes/index.html.erb within layouts/application (0.7ms)
Completed 200 OK in 63ms (Views: 60.3ms | ActiveRecord: 0.0ms)


Started GET "/api/v1/shops.json" for 127.0.0.1 at 2018-10-15 15:21:54 -0400
Processing by Api::V1::ShopsController#index as JSON
  [1m[36mShop Load (0.5ms)[0m  [1m[34mSELECT "shops".* FROM "shops"[0m
  ↳ app/controllers/api/v1/shops_controller.rb:5
Completed 200 OK in 3ms (Views: 1.9ms | ActiveRecord: 0.5ms)


Started GET "/" for 127.0.0.1 at 2018-10-15 15:22:19 -0400
Processing by HomesController#index as HTML
  Rendering homes/index.html.erb within layouts/application
  Rendered homes/index.html.erb within layouts/application (0.5ms)
Completed 200 OK in 76ms (Views: 72.8ms | ActiveRecord: 0.0ms)


Started GET "/api/v1/shops.json" for 127.0.0.1 at 2018-10-15 15:22:19 -0400
Processing by Api::V1::ShopsController#index as JSON
  [1m[36mShop Load (4.5ms)[0m  [1m[34mSELECT "shops".* FROM "shops"[0m
  ↳ app/controllers/api/v1/shops_controller.rb:5
Completed 200 OK in 9ms (Views: 3.9ms | ActiveRecord: 4.5ms)


Started GET "/" for 127.0.0.1 at 2018-10-15 15:23:59 -0400
Processing by HomesController#index as HTML
  Rendering homes/index.html.erb within layouts/application
  Rendered homes/index.html.erb within layouts/application (0.4ms)
Completed 200 OK in 52ms (Views: 49.7ms | ActiveRecord: 0.0ms)


Started GET "/api/v1/shops.json" for 127.0.0.1 at 2018-10-15 15:24:00 -0400
Processing by Api::V1::ShopsController#index as JSON
  [1m[36mShop Load (0.5ms)[0m  [1m[34mSELECT "shops".* FROM "shops"[0m
  ↳ app/controllers/api/v1/shops_controller.rb:5
Completed 200 OK in 3ms (Views: 2.0ms | ActiveRecord: 0.5ms)


Started GET "/" for 127.0.0.1 at 2018-10-15 15:24:10 -0400
Processing by HomesController#index as HTML
  Rendering homes/index.html.erb within layouts/application
  Rendered homes/index.html.erb within layouts/application (0.5ms)
Completed 200 OK in 59ms (Views: 56.0ms | ActiveRecord: 0.0ms)


Started GET "/api/v1/shops.json" for 127.0.0.1 at 2018-10-15 15:24:10 -0400
Processing by Api::V1::ShopsController#index as JSON
  [1m[36mShop Load (0.5ms)[0m  [1m[34mSELECT "shops".* FROM "shops"[0m
  ↳ app/controllers/api/v1/shops_controller.rb:5
Completed 200 OK in 3ms (Views: 2.2ms | ActiveRecord: 0.5ms)


Started GET "/" for 127.0.0.1 at 2018-10-15 15:24:11 -0400
Processing by HomesController#index as HTML
  Rendering homes/index.html.erb within layouts/application
  Rendered homes/index.html.erb within layouts/application (0.4ms)
Completed 200 OK in 51ms (Views: 49.4ms | ActiveRecord: 0.0ms)


Started GET "/api/v1/shops.json" for 127.0.0.1 at 2018-10-15 15:24:12 -0400
Processing by Api::V1::ShopsController#index as JSON
  [1m[36mShop Load (0.4ms)[0m  [1m[34mSELECT "shops".* FROM "shops"[0m
  ↳ app/controllers/api/v1/shops_controller.rb:5
Completed 200 OK in 3ms (Views: 2.0ms | ActiveRecord: 0.4ms)


Started GET "/" for 127.0.0.1 at 2018-10-15 15:24:18 -0400
Processing by HomesController#index as HTML
  Rendering homes/index.html.erb within layouts/application
  Rendered homes/index.html.erb within layouts/application (0.4ms)
Completed 200 OK in 50ms (Views: 46.9ms | ActiveRecord: 0.0ms)


Started GET "/" for 127.0.0.1 at 2018-10-15 15:24:18 -0400
Processing by HomesController#index as HTML
  Rendering homes/index.html.erb within layouts/application
  Rendered homes/index.html.erb within layouts/application (0.3ms)
Completed 200 OK in 44ms (Views: 41.8ms | ActiveRecord: 0.0ms)


Started GET "/" for 127.0.0.1 at 2018-10-15 15:24:22 -0400
Processing by HomesController#index as HTML
  Rendering homes/index.html.erb within layouts/application
  Rendered homes/index.html.erb within layouts/application (0.7ms)
Completed 200 OK in 79ms (Views: 75.3ms | ActiveRecord: 0.0ms)


Started GET "/api/v1/shops.json" for 127.0.0.1 at 2018-10-15 15:24:23 -0400
Processing by Api::V1::ShopsController#index as JSON
  [1m[36mShop Load (0.5ms)[0m  [1m[34mSELECT "shops".* FROM "shops"[0m
  ↳ app/controllers/api/v1/shops_controller.rb:5
Completed 200 OK in 3ms (Views: 2.3ms | ActiveRecord: 0.5ms)


Started GET "/" for 127.0.0.1 at 2018-10-15 15:26:40 -0400
Processing by HomesController#index as HTML
  Rendering homes/index.html.erb within layouts/application
  Rendered homes/index.html.erb within layouts/application (0.3ms)
Completed 200 OK in 62ms (Views: 59.9ms | ActiveRecord: 0.0ms)


Started GET "/api/v1/shops.json" for 127.0.0.1 at 2018-10-15 15:26:40 -0400
Processing by Api::V1::ShopsController#index as JSON
  [1m[36mShop Load (0.5ms)[0m  [1m[34mSELECT "shops".* FROM "shops"[0m
  ↳ app/controllers/api/v1/shops_controller.rb:5
Completed 200 OK in 3ms (Views: 1.9ms | ActiveRecord: 0.5ms)


Started GET "/" for 127.0.0.1 at 2018-10-15 15:26:41 -0400
Processing by HomesController#index as HTML
  Rendering homes/index.html.erb within layouts/application
  Rendered homes/index.html.erb within layouts/application (0.6ms)
Completed 200 OK in 56ms (Views: 54.4ms | ActiveRecord: 0.0ms)


Started GET "/api/v1/shops.json" for 127.0.0.1 at 2018-10-15 15:26:42 -0400
Processing by Api::V1::ShopsController#index as JSON
  [1m[36mShop Load (0.9ms)[0m  [1m[34mSELECT "shops".* FROM "shops"[0m
  ↳ app/controllers/api/v1/shops_controller.rb:5
Completed 200 OK in 4ms (Views: 3.2ms | ActiveRecord: 0.9ms)


Started GET "/" for 127.0.0.1 at 2018-10-15 15:26:46 -0400
Processing by HomesController#index as HTML
  Rendering homes/index.html.erb within layouts/application
  Rendered homes/index.html.erb within layouts/application (0.4ms)
Completed 200 OK in 78ms (Views: 75.8ms | ActiveRecord: 0.0ms)


Started GET "/api/v1/shops.json" for 127.0.0.1 at 2018-10-15 15:26:47 -0400
Processing by Api::V1::ShopsController#index as JSON
  [1m[36mShop Load (0.7ms)[0m  [1m[34mSELECT "shops".* FROM "shops"[0m
  ↳ app/controllers/api/v1/shops_controller.rb:5
Completed 200 OK in 4ms (Views: 3.4ms | ActiveRecord: 0.7ms)


Started GET "/" for 127.0.0.1 at 2018-10-15 15:27:36 -0400
Processing by HomesController#index as HTML
  Rendering homes/index.html.erb within layouts/application
  Rendered homes/index.html.erb within layouts/application (0.8ms)
Completed 200 OK in 89ms (Views: 85.5ms | ActiveRecord: 0.0ms)


Started GET "/api/v1/shops.json" for 127.0.0.1 at 2018-10-15 15:27:37 -0400
Processing by Api::V1::ShopsController#index as JSON
  [1m[36mShop Load (0.7ms)[0m  [1m[34mSELECT "shops".* FROM "shops"[0m
  ↳ app/controllers/api/v1/shops_controller.rb:5
Completed 200 OK in 4ms (Views: 2.9ms | ActiveRecord: 0.7ms)


Started GET "/" for 127.0.0.1 at 2018-10-15 15:28:00 -0400
Processing by HomesController#index as HTML
  Rendering homes/index.html.erb within layouts/application
  Rendered homes/index.html.erb within layouts/application (0.5ms)
Completed 200 OK in 61ms (Views: 59.7ms | ActiveRecord: 0.0ms)


Started GET "/api/v1/shops.json" for 127.0.0.1 at 2018-10-15 15:28:00 -0400
Processing by Api::V1::ShopsController#index as JSON
  [1m[36mShop Load (0.6ms)[0m  [1m[34mSELECT "shops".* FROM "shops"[0m
  ↳ app/controllers/api/v1/shops_controller.rb:5
Completed 200 OK in 3ms (Views: 2.5ms | ActiveRecord: 0.6ms)


Started GET "/" for 127.0.0.1 at 2018-10-15 15:31:16 -0400
Processing by HomesController#index as HTML
  Rendering homes/index.html.erb within layouts/application
  Rendered homes/index.html.erb within layouts/application (0.4ms)
Completed 200 OK in 56ms (Views: 53.9ms | ActiveRecord: 0.0ms)


Started GET "/" for 127.0.0.1 at 2018-10-15 15:34:50 -0400
Processing by HomesController#index as HTML
  Rendering homes/index.html.erb within layouts/application
  Rendered homes/index.html.erb within layouts/application (0.4ms)
Completed 200 OK in 58ms (Views: 55.5ms | ActiveRecord: 0.0ms)


Started GET "/api/v1/shops.json" for 127.0.0.1 at 2018-10-15 15:34:51 -0400
Processing by Api::V1::ShopsController#index as JSON
  [1m[36mShop Load (0.4ms)[0m  [1m[34mSELECT "shops".* FROM "shops"[0m
  ↳ app/controllers/api/v1/shops_controller.rb:5
Completed 200 OK in 3ms (Views: 2.3ms | ActiveRecord: 0.4ms)


Started GET "/" for 127.0.0.1 at 2018-10-15 15:34:55 -0400
Processing by HomesController#index as HTML
  Rendering homes/index.html.erb within layouts/application
  Rendered homes/index.html.erb within layouts/application (0.7ms)
Completed 200 OK in 72ms (Views: 69.9ms | ActiveRecord: 0.0ms)


Started GET "/api/v1/shops.json" for 127.0.0.1 at 2018-10-15 15:34:55 -0400
Processing by Api::V1::ShopsController#index as JSON
  [1m[36mShop Load (0.4ms)[0m  [1m[34mSELECT "shops".* FROM "shops"[0m
  ↳ app/controllers/api/v1/shops_controller.rb:5
Completed 200 OK in 3ms (Views: 2.1ms | ActiveRecord: 0.4ms)


Started GET "/" for 127.0.0.1 at 2018-10-15 15:35:16 -0400
Processing by HomesController#index as HTML
  Rendering homes/index.html.erb within layouts/application
  Rendered homes/index.html.erb within layouts/application (0.4ms)
Completed 200 OK in 60ms (Views: 58.4ms | ActiveRecord: 0.0ms)


Started GET "/api/v1/shops.json" for 127.0.0.1 at 2018-10-15 15:35:16 -0400
Processing by Api::V1::ShopsController#index as JSON
  [1m[36mShop Load (1.1ms)[0m  [1m[34mSELECT "shops".* FROM "shops"[0m
  ↳ app/controllers/api/v1/shops_controller.rb:5
Completed 200 OK in 5ms (Views: 3.2ms | ActiveRecord: 1.1ms)


Started GET "/" for 127.0.0.1 at 2018-10-15 15:35:17 -0400
Processing by HomesController#index as HTML
  Rendering homes/index.html.erb within layouts/application
  Rendered homes/index.html.erb within layouts/application (0.3ms)
Completed 200 OK in 61ms (Views: 58.3ms | ActiveRecord: 0.0ms)


Started GET "/api/v1/shops.json" for 127.0.0.1 at 2018-10-15 15:35:18 -0400
Processing by Api::V1::ShopsController#index as JSON
  [1m[36mShop Load (0.4ms)[0m  [1m[34mSELECT "shops".* FROM "shops"[0m
  ↳ app/controllers/api/v1/shops_controller.rb:5
Completed 200 OK in 2ms (Views: 1.6ms | ActiveRecord: 0.4ms)


Started GET "/" for 127.0.0.1 at 2018-10-15 15:35:31 -0400
Processing by HomesController#index as HTML
  Rendering homes/index.html.erb within layouts/application
  Rendered homes/index.html.erb within layouts/application (0.4ms)
Completed 200 OK in 61ms (Views: 59.2ms | ActiveRecord: 0.0ms)


Started GET "/api/v1/shops.json" for 127.0.0.1 at 2018-10-15 15:35:31 -0400
Processing by Api::V1::ShopsController#index as JSON
  [1m[36mShop Load (0.5ms)[0m  [1m[34mSELECT "shops".* FROM "shops"[0m
  ↳ app/controllers/api/v1/shops_controller.rb:5
Completed 200 OK in 3ms (Views: 2.0ms | ActiveRecord: 0.5ms)


Started GET "/" for 127.0.0.1 at 2018-10-15 15:35:49 -0400
Processing by HomesController#index as HTML
  Rendering homes/index.html.erb within layouts/application
  Rendered homes/index.html.erb within layouts/application (0.3ms)
Completed 200 OK in 69ms (Views: 66.7ms | ActiveRecord: 0.0ms)


Started GET "/api/v1/shops.json" for 127.0.0.1 at 2018-10-15 15:35:50 -0400
Processing by Api::V1::ShopsController#index as JSON
  [1m[36mShop Load (1.5ms)[0m  [1m[34mSELECT "shops".* FROM "shops"[0m
  ↳ app/controllers/api/v1/shops_controller.rb:5
Completed 200 OK in 5ms (Views: 2.6ms | ActiveRecord: 1.5ms)


Started GET "/" for 127.0.0.1 at 2018-10-15 15:36:00 -0400
Processing by HomesController#index as HTML
  Rendering homes/index.html.erb within layouts/application
  Rendered homes/index.html.erb within layouts/application (0.7ms)
Completed 200 OK in 69ms (Views: 65.7ms | ActiveRecord: 0.0ms)


Started GET "/api/v1/shops.json" for 127.0.0.1 at 2018-10-15 15:36:01 -0400
Processing by Api::V1::ShopsController#index as JSON
  [1m[36mShop Load (0.8ms)[0m  [1m[34mSELECT "shops".* FROM "shops"[0m
  ↳ app/controllers/api/v1/shops_controller.rb:5
Completed 200 OK in 3ms (Views: 2.3ms | ActiveRecord: 0.8ms)


Started GET "/" for 127.0.0.1 at 2018-10-15 15:36:03 -0400
Processing by HomesController#index as HTML
  Rendering homes/index.html.erb within layouts/application
  Rendered homes/index.html.erb within layouts/application (0.4ms)
Completed 200 OK in 79ms (Views: 77.1ms | ActiveRecord: 0.0ms)


Started GET "/api/v1/shops.json" for 127.0.0.1 at 2018-10-15 15:36:04 -0400
Processing by Api::V1::ShopsController#index as JSON
  [1m[36mShop Load (2.1ms)[0m  [1m[34mSELECT "shops".* FROM "shops"[0m
  ↳ app/controllers/api/v1/shops_controller.rb:5
Completed 200 OK in 5ms (Views: 2.1ms | ActiveRecord: 2.1ms)


Started GET "/" for 127.0.0.1 at 2018-10-15 15:36:36 -0400
Processing by HomesController#index as HTML
  Rendering homes/index.html.erb within layouts/application
  Rendered homes/index.html.erb within layouts/application (0.6ms)
Completed 200 OK in 55ms (Views: 52.9ms | ActiveRecord: 0.0ms)


Started GET "/api/v1/shops.json" for 127.0.0.1 at 2018-10-15 15:36:37 -0400
Processing by Api::V1::ShopsController#index as JSON
  [1m[36mShop Load (1.6ms)[0m  [1m[34mSELECT "shops".* FROM "shops"[0m
  ↳ app/controllers/api/v1/shops_controller.rb:5
Completed 200 OK in 5ms (Views: 2.6ms | ActiveRecord: 1.6ms)


Started GET "/" for 127.0.0.1 at 2018-10-15 15:37:07 -0400
Processing by HomesController#index as HTML
  Rendering homes/index.html.erb within layouts/application
  Rendered homes/index.html.erb within layouts/application (0.4ms)
Completed 200 OK in 50ms (Views: 48.5ms | ActiveRecord: 0.0ms)


Started GET "/api/v1/shops.json" for 127.0.0.1 at 2018-10-15 15:37:08 -0400
Processing by Api::V1::ShopsController#index as JSON
  [1m[36mShop Load (1.8ms)[0m  [1m[34mSELECT "shops".* FROM "shops"[0m
  ↳ app/controllers/api/v1/shops_controller.rb:5
Completed 200 OK in 4ms (Views: 1.9ms | ActiveRecord: 1.8ms)


Started GET "/" for 127.0.0.1 at 2018-10-15 15:38:08 -0400
Processing by HomesController#index as HTML
  Rendering homes/index.html.erb within layouts/application
  Rendered homes/index.html.erb within layouts/application (0.4ms)
Completed 200 OK in 52ms (Views: 49.9ms | ActiveRecord: 0.0ms)


Started GET "/api/v1/shops.json" for 127.0.0.1 at 2018-10-15 15:38:08 -0400
Processing by Api::V1::ShopsController#index as JSON
  [1m[36mShop Load (0.5ms)[0m  [1m[34mSELECT "shops".* FROM "shops"[0m
  ↳ app/controllers/api/v1/shops_controller.rb:5
Completed 200 OK in 2ms (Views: 1.8ms | ActiveRecord: 0.5ms)


Started GET "/" for 127.0.0.1 at 2018-10-15 15:39:02 -0400
Processing by HomesController#index as HTML
  Rendering homes/index.html.erb within layouts/application
  Rendered homes/index.html.erb within layouts/application (0.3ms)
Completed 200 OK in 50ms (Views: 48.1ms | ActiveRecord: 0.0ms)


Started GET "/" for 127.0.0.1 at 2018-10-15 15:39:03 -0400
Processing by HomesController#index as HTML
Started GET "/" for 127.0.0.1 at 2018-10-15 15:39:03 -0400
  Rendering homes/index.html.erb within layouts/application
  Rendered homes/index.html.erb within layouts/application (0.5ms)
Processing by HomesController#index as HTML
  Rendering homes/index.html.erb within layouts/application
  Rendered homes/index.html.erb within layouts/application (0.4ms)
Completed 200 OK in 157ms (Views: 153.5ms | ActiveRecord: 0.0ms)


Completed 200 OK in 138ms (Views: 135.6ms | ActiveRecord: 0.0ms)


Started GET "/api/v1/shops.json" for 127.0.0.1 at 2018-10-15 15:39:04 -0400
Processing by Api::V1::ShopsController#index as JSON
  [1m[36mShop Load (0.5ms)[0m  [1m[34mSELECT "shops".* FROM "shops"[0m
  ↳ app/controllers/api/v1/shops_controller.rb:5
Completed 200 OK in 3ms (Views: 1.9ms | ActiveRecord: 0.5ms)


Started GET "/" for 127.0.0.1 at 2018-10-15 15:39:10 -0400
Processing by HomesController#index as HTML
  Rendering homes/index.html.erb within layouts/application
  Rendered homes/index.html.erb within layouts/application (0.5ms)
Completed 200 OK in 72ms (Views: 69.0ms | ActiveRecord: 0.0ms)


Started GET "/api/v1/shops.json" for 127.0.0.1 at 2018-10-15 15:39:10 -0400
Processing by Api::V1::ShopsController#index as JSON
  [1m[36mShop Load (5.4ms)[0m  [1m[34mSELECT "shops".* FROM "shops"[0m
  ↳ app/controllers/api/v1/shops_controller.rb:5
Completed 200 OK in 8ms (Views: 2.3ms | ActiveRecord: 5.4ms)


Started GET "/" for 127.0.0.1 at 2018-10-15 15:39:13 -0400
Processing by HomesController#index as HTML
  Rendering homes/index.html.erb within layouts/application
  Rendered homes/index.html.erb within layouts/application (0.3ms)
Completed 200 OK in 52ms (Views: 49.8ms | ActiveRecord: 0.0ms)


Started GET "/api/v1/shops.json" for 127.0.0.1 at 2018-10-15 15:39:14 -0400
Processing by Api::V1::ShopsController#index as JSON
  [1m[36mShop Load (0.4ms)[0m  [1m[34mSELECT "shops".* FROM "shops"[0m
  ↳ app/controllers/api/v1/shops_controller.rb:5
Completed 200 OK in 2ms (Views: 1.6ms | ActiveRecord: 0.4ms)


Started GET "/" for 127.0.0.1 at 2018-10-15 15:39:21 -0400
Processing by HomesController#index as HTML
  Rendering homes/index.html.erb within layouts/application
  Rendered homes/index.html.erb within layouts/application (0.4ms)
Completed 200 OK in 94ms (Views: 92.2ms | ActiveRecord: 0.0ms)


Started GET "/api/v1/shops.json" for 127.0.0.1 at 2018-10-15 15:39:22 -0400
Processing by Api::V1::ShopsController#index as JSON
  [1m[36mShop Load (2.7ms)[0m  [1m[34mSELECT "shops".* FROM "shops"[0m
  ↳ app/controllers/api/v1/shops_controller.rb:5
Completed 200 OK in 6ms (Views: 2.9ms | ActiveRecord: 2.7ms)


Started GET "/" for 127.0.0.1 at 2018-10-15 15:39:29 -0400
Processing by HomesController#index as HTML
  Rendering homes/index.html.erb within layouts/application
  Rendered homes/index.html.erb within layouts/application (0.3ms)
Completed 200 OK in 56ms (Views: 53.5ms | ActiveRecord: 0.0ms)


Started GET "/api/v1/shops.json" for 127.0.0.1 at 2018-10-15 15:39:29 -0400
Processing by Api::V1::ShopsController#index as JSON
  [1m[36mShop Load (1.5ms)[0m  [1m[34mSELECT "shops".* FROM "shops"[0m
  ↳ app/controllers/api/v1/shops_controller.rb:5
Completed 200 OK in 4ms (Views: 2.1ms | ActiveRecord: 1.5ms)


Started GET "/" for 127.0.0.1 at 2018-10-15 15:39:43 -0400
  [1m[35m (1.4ms)[0m  [1m[34mSELECT "schema_migrations"."version" FROM "schema_migrations" ORDER BY "schema_migrations"."version" ASC[0m
  ↳ /Users/Lance/.gem/ruby/2.3.3/gems/activerecord-5.2.1/lib/active_record/log_subscriber.rb:98
Processing by HomesController#index as HTML
  Rendering homes/index.html.erb within layouts/application
  Rendered homes/index.html.erb within layouts/application (2.2ms)
Completed 200 OK in 2884ms (Views: 2881.6ms | ActiveRecord: 0.0ms)


Started GET "/" for 127.0.0.1 at 2018-10-15 15:39:46 -0400
Processing by HomesController#index as HTML
  Rendering homes/index.html.erb within layouts/application
  Rendered homes/index.html.erb within layouts/application (0.5ms)
Completed 200 OK in 80ms (Views: 77.5ms | ActiveRecord: 0.0ms)


Started GET "/" for 127.0.0.1 at 2018-10-15 15:39:47 -0400
Processing by HomesController#index as HTML
  Rendering homes/index.html.erb within layouts/application
  Rendered homes/index.html.erb within layouts/application (0.4ms)
Started GET "/" for 127.0.0.1 at 2018-10-15 15:39:47 -0400
Processing by HomesController#index as HTML
  Rendering homes/index.html.erb within layouts/application
  Rendered homes/index.html.erb within layouts/application (0.4ms)
Completed 200 OK in 253ms (Views: 250.9ms | ActiveRecord: 0.0ms)


Completed 200 OK in 128ms (Views: 126.7ms | ActiveRecord: 0.0ms)


Started GET "/api/v1/shops.json" for 127.0.0.1 at 2018-10-15 15:39:47 -0400
Processing by Api::V1::ShopsController#index as JSON
  [1m[36mShop Load (30.7ms)[0m  [1m[34mSELECT "shops".* FROM "shops"[0m
  ↳ app/controllers/api/v1/shops_controller.rb:5
Completed 200 OK in 196ms (Views: 31.4ms | ActiveRecord: 161.7ms)


Started GET "/" for 127.0.0.1 at 2018-10-15 15:40:00 -0400
Processing by HomesController#index as HTML
  Rendering homes/index.html.erb within layouts/application
  Rendered homes/index.html.erb within layouts/application (0.7ms)
Completed 200 OK in 73ms (Views: 70.4ms | ActiveRecord: 0.0ms)


Started GET "/api/v1/shops.json" for 127.0.0.1 at 2018-10-15 15:40:01 -0400
Processing by Api::V1::ShopsController#index as JSON
  [1m[36mShop Load (0.7ms)[0m  [1m[34mSELECT "shops".* FROM "shops"[0m
  ↳ app/controllers/api/v1/shops_controller.rb:5
Completed 200 OK in 5ms (Views: 3.5ms | ActiveRecord: 0.7ms)


Started GET "/" for 127.0.0.1 at 2018-10-15 15:40:56 -0400
Processing by HomesController#index as HTML
  Rendering homes/index.html.erb within layouts/application
  Rendered homes/index.html.erb within layouts/application (0.7ms)
Completed 200 OK in 89ms (Views: 84.5ms | ActiveRecord: 0.0ms)


Started GET "/api/v1/shops.json" for 127.0.0.1 at 2018-10-15 15:40:56 -0400
Processing by Api::V1::ShopsController#index as JSON
  [1m[36mShop Load (1.0ms)[0m  [1m[34mSELECT "shops".* FROM "shops"[0m
  ↳ app/controllers/api/v1/shops_controller.rb:5
Completed 200 OK in 4ms (Views: 2.8ms | ActiveRecord: 1.0ms)


Started GET "/" for 127.0.0.1 at 2018-10-15 15:40:58 -0400
Processing by HomesController#index as HTML
  Rendering homes/index.html.erb within layouts/application
  Rendered homes/index.html.erb within layouts/application (0.4ms)
Completed 200 OK in 67ms (Views: 64.5ms | ActiveRecord: 0.0ms)


Started GET "/api/v1/shops.json" for 127.0.0.1 at 2018-10-15 15:40:58 -0400
Processing by Api::V1::ShopsController#index as JSON
  [1m[36mShop Load (0.9ms)[0m  [1m[34mSELECT "shops".* FROM "shops"[0m
  ↳ app/controllers/api/v1/shops_controller.rb:5
Completed 200 OK in 3ms (Views: 2.3ms | ActiveRecord: 0.9ms)


Started GET "/" for 127.0.0.1 at 2018-10-15 15:40:59 -0400
Processing by HomesController#index as HTML
  Rendering homes/index.html.erb within layouts/application
  Rendered homes/index.html.erb within layouts/application (0.5ms)
Completed 200 OK in 75ms (Views: 72.9ms | ActiveRecord: 0.0ms)


Started GET "/api/v1/shops.json" for 127.0.0.1 at 2018-10-15 15:40:59 -0400
Processing by Api::V1::ShopsController#index as JSON
  [1m[36mShop Load (0.4ms)[0m  [1m[34mSELECT "shops".* FROM "shops"[0m
  ↳ app/controllers/api/v1/shops_controller.rb:5
Completed 200 OK in 2ms (Views: 1.7ms | ActiveRecord: 0.4ms)


Started GET "/" for 127.0.0.1 at 2018-10-15 15:41:22 -0400
Processing by HomesController#index as HTML
  Rendering homes/index.html.erb within layouts/application
  Rendered homes/index.html.erb within layouts/application (0.6ms)
Completed 200 OK in 86ms (Views: 83.1ms | ActiveRecord: 0.0ms)


Started GET "/api/v1/shops.json" for 127.0.0.1 at 2018-10-15 15:41:22 -0400
Processing by Api::V1::ShopsController#index as JSON
  [1m[36mShop Load (0.8ms)[0m  [1m[34mSELECT "shops".* FROM "shops"[0m
  ↳ app/controllers/api/v1/shops_controller.rb:5
Completed 200 OK in 4ms (Views: 2.7ms | ActiveRecord: 0.8ms)


Started GET "/" for 127.0.0.1 at 2018-10-15 15:41:29 -0400
Processing by HomesController#index as HTML
  Rendering homes/index.html.erb within layouts/application
  Rendered homes/index.html.erb within layouts/application (0.7ms)
Completed 200 OK in 201ms (Views: 198.8ms | ActiveRecord: 0.0ms)


Started GET "/api/v1/shops.json" for 127.0.0.1 at 2018-10-15 15:41:29 -0400
Processing by Api::V1::ShopsController#index as JSON
  [1m[36mShop Load (3.8ms)[0m  [1m[34mSELECT "shops".* FROM "shops"[0m
  ↳ app/controllers/api/v1/shops_controller.rb:5
Completed 200 OK in 7ms (Views: 3.2ms | ActiveRecord: 3.8ms)


Started GET "/" for 127.0.0.1 at 2018-10-15 15:42:07 -0400
Processing by HomesController#index as HTML
  Rendering homes/index.html.erb within layouts/application
  Rendered homes/index.html.erb within layouts/application (0.5ms)
Completed 200 OK in 71ms (Views: 68.7ms | ActiveRecord: 0.0ms)


Started GET "/api/v1/shops.json" for 127.0.0.1 at 2018-10-15 15:42:07 -0400
Processing by Api::V1::ShopsController#index as JSON
  [1m[36mShop Load (7.4ms)[0m  [1m[34mSELECT "shops".* FROM "shops"[0m
  ↳ app/controllers/api/v1/shops_controller.rb:5
Completed 200 OK in 10ms (Views: 2.5ms | ActiveRecord: 7.4ms)


Started GET "/" for 127.0.0.1 at 2018-10-15 15:42:43 -0400
Processing by HomesController#index as HTML
  Rendering homes/index.html.erb within layouts/application
  Rendered homes/index.html.erb within layouts/application (0.7ms)
Completed 200 OK in 72ms (Views: 69.4ms | ActiveRecord: 0.0ms)


Started GET "/api/v1/shops.json" for 127.0.0.1 at 2018-10-15 15:42:44 -0400
Processing by Api::V1::ShopsController#index as JSON
  [1m[36mShop Load (0.4ms)[0m  [1m[34mSELECT "shops".* FROM "shops"[0m
  ↳ app/controllers/api/v1/shops_controller.rb:5
Completed 200 OK in 2ms (Views: 1.6ms | ActiveRecord: 0.4ms)


Started GET "/" for 127.0.0.1 at 2018-10-15 15:43:02 -0400
Processing by HomesController#index as HTML
  Rendering homes/index.html.erb within layouts/application
  Rendered homes/index.html.erb within layouts/application (0.5ms)
Completed 200 OK in 87ms (Views: 84.1ms | ActiveRecord: 0.0ms)


Started GET "/api/v1/shops.json" for 127.0.0.1 at 2018-10-15 15:43:03 -0400
Processing by Api::V1::ShopsController#index as JSON
  [1m[36mShop Load (1.1ms)[0m  [1m[34mSELECT "shops".* FROM "shops"[0m
  ↳ app/controllers/api/v1/shops_controller.rb:5
Completed 200 OK in 3ms (Views: 2.1ms | ActiveRecord: 1.1ms)


Started GET "/" for 127.0.0.1 at 2018-10-15 15:43:07 -0400
Processing by HomesController#index as HTML
  Rendering homes/index.html.erb within layouts/application
  Rendered homes/index.html.erb within layouts/application (0.4ms)
Completed 200 OK in 51ms (Views: 48.9ms | ActiveRecord: 0.0ms)


Started GET "/api/v1/shops.json" for 127.0.0.1 at 2018-10-15 15:43:07 -0400
Processing by Api::V1::ShopsController#index as JSON
  [1m[36mShop Load (1.9ms)[0m  [1m[34mSELECT "shops".* FROM "shops"[0m
  ↳ app/controllers/api/v1/shops_controller.rb:5
Completed 200 OK in 4ms (Views: 2.3ms | ActiveRecord: 1.9ms)


Started GET "/" for 127.0.0.1 at 2018-10-15 15:46:01 -0400
Processing by HomesController#index as HTML
  Rendering homes/index.html.erb within layouts/application
  Rendered homes/index.html.erb within layouts/application (0.3ms)
Completed 200 OK in 61ms (Views: 58.4ms | ActiveRecord: 0.0ms)


Started GET "/" for 127.0.0.1 at 2018-10-15 15:46:02 -0400
Processing by HomesController#index as HTML
  Rendering homes/index.html.erb within layouts/application
  Rendered homes/index.html.erb within layouts/application (0.5ms)
Completed 200 OK in 101ms (Views: 97.9ms | ActiveRecord: 0.0ms)


Started GET "/api/v1/shops.json" for 127.0.0.1 at 2018-10-15 15:46:02 -0400
Processing by Api::V1::ShopsController#index as JSON
  [1m[36mShop Load (0.5ms)[0m  [1m[34mSELECT "shops".* FROM "shops"[0m
  ↳ app/controllers/api/v1/shops_controller.rb:5
Completed 200 OK in 2ms (Views: 1.7ms | ActiveRecord: 0.5ms)


Started GET "/" for 127.0.0.1 at 2018-10-15 15:46:39 -0400
Processing by HomesController#index as HTML
  Rendering homes/index.html.erb within layouts/application
  Rendered homes/index.html.erb within layouts/application (0.4ms)
Completed 200 OK in 64ms (Views: 61.3ms | ActiveRecord: 0.0ms)


Started GET "/api/v1/shops.json" for 127.0.0.1 at 2018-10-15 15:46:40 -0400
Processing by Api::V1::ShopsController#index as JSON
  [1m[36mShop Load (1.0ms)[0m  [1m[34mSELECT "shops".* FROM "shops"[0m
  ↳ app/controllers/api/v1/shops_controller.rb:5
Completed 200 OK in 4ms (Views: 2.6ms | ActiveRecord: 1.0ms)


Started GET "/" for 127.0.0.1 at 2018-10-15 15:46:45 -0400
Processing by HomesController#index as HTML
  Rendering homes/index.html.erb within layouts/application
  Rendered homes/index.html.erb within layouts/application (0.7ms)
Completed 200 OK in 52ms (Views: 50.4ms | ActiveRecord: 0.0ms)


Started GET "/api/v1/shops.json" for 127.0.0.1 at 2018-10-15 15:46:46 -0400
Processing by Api::V1::ShopsController#index as JSON
  [1m[36mShop Load (0.4ms)[0m  [1m[34mSELECT "shops".* FROM "shops"[0m
  ↳ app/controllers/api/v1/shops_controller.rb:5
Completed 200 OK in 2ms (Views: 1.4ms | ActiveRecord: 0.4ms)


Started GET "/" for 127.0.0.1 at 2018-10-15 15:46:46 -0400
Processing by HomesController#index as HTML
  Rendering homes/index.html.erb within layouts/application
  Rendered homes/index.html.erb within layouts/application (0.3ms)
Completed 200 OK in 64ms (Views: 62.1ms | ActiveRecord: 0.0ms)


Started GET "/api/v1/shops.json" for 127.0.0.1 at 2018-10-15 15:46:46 -0400
Processing by Api::V1::ShopsController#index as JSON
  [1m[36mShop Load (0.9ms)[0m  [1m[34mSELECT "shops".* FROM "shops"[0m
  ↳ app/controllers/api/v1/shops_controller.rb:5
Completed 200 OK in 3ms (Views: 1.9ms | ActiveRecord: 0.9ms)


Started GET "/" for 127.0.0.1 at 2018-10-15 15:46:59 -0400
Processing by HomesController#index as HTML
  Rendering homes/index.html.erb within layouts/application
  Rendered homes/index.html.erb within layouts/application (0.5ms)
Completed 200 OK in 82ms (Views: 79.9ms | ActiveRecord: 0.0ms)


Started GET "/api/v1/shops.json" for 127.0.0.1 at 2018-10-15 15:47:00 -0400
Processing by Api::V1::ShopsController#index as JSON
  [1m[36mShop Load (0.4ms)[0m  [1m[34mSELECT "shops".* FROM "shops"[0m
  ↳ app/controllers/api/v1/shops_controller.rb:5
Completed 200 OK in 3ms (Views: 2.0ms | ActiveRecord: 0.4ms)


Started GET "/" for 127.0.0.1 at 2018-10-15 15:47:03 -0400
Processing by HomesController#index as HTML
  Rendering homes/index.html.erb within layouts/application
  Rendered homes/index.html.erb within layouts/application (0.6ms)
Completed 200 OK in 74ms (Views: 70.7ms | ActiveRecord: 0.0ms)


Started GET "/" for 127.0.0.1 at 2018-10-15 15:47:04 -0400
Processing by HomesController#index as HTML
  Rendering homes/index.html.erb within layouts/application
  Rendered homes/index.html.erb within layouts/application (0.5ms)
Completed 200 OK in 76ms (Views: 72.5ms | ActiveRecord: 0.0ms)


Started GET "/api/v1/shops.json" for 127.0.0.1 at 2018-10-15 15:47:04 -0400
Processing by Api::V1::ShopsController#index as JSON
  [1m[36mShop Load (3.7ms)[0m  [1m[34mSELECT "shops".* FROM "shops"[0m
  ↳ app/controllers/api/v1/shops_controller.rb:5
Completed 200 OK in 7ms (Views: 2.9ms | ActiveRecord: 3.7ms)


Started GET "/" for 127.0.0.1 at 2018-10-15 15:47:05 -0400
Processing by HomesController#index as HTML
  Rendering homes/index.html.erb within layouts/application
  Rendered homes/index.html.erb within layouts/application (0.4ms)
Completed 200 OK in 64ms (Views: 61.2ms | ActiveRecord: 0.0ms)


Started GET "/api/v1/shops.json" for 127.0.0.1 at 2018-10-15 15:47:06 -0400
Processing by Api::V1::ShopsController#index as JSON
  [1m[36mShop Load (0.7ms)[0m  [1m[34mSELECT "shops".* FROM "shops"[0m
  ↳ app/controllers/api/v1/shops_controller.rb:5
Completed 200 OK in 3ms (Views: 2.3ms | ActiveRecord: 0.7ms)


Started GET "/" for 127.0.0.1 at 2018-10-15 15:47:58 -0400
Processing by HomesController#index as HTML
  Rendering homes/index.html.erb within layouts/application
  Rendered homes/index.html.erb within layouts/application (0.3ms)
Completed 500 Internal Server Error in 88ms (ActiveRecord: 0.0ms)


  
ActionView::Template::Error (Invalid CSS after "...lightness: 94%)": expected "{", was ";"):
    3: <head>
    4:   <title>DonutReviews</title>
    5:   <meta name="viewport" content="width=device-width, initial-scale=1.0" />
    6:   <%= stylesheet_link_tag 'application', media: 'all' %>
    7:   
    8:     <%= javascript_include_tag "vendor/modernizr" %>
    9:   
  
app/assets/stylesheets/foundation_and_overrides.scss:995
app/views/layouts/application.html.erb:6:in `_app_views_layouts_application_html_erb___4602260353070741051_70177645310620'
Started GET "/" for 127.0.0.1 at 2018-10-15 15:48:07 -0400
Processing by HomesController#index as HTML
  Rendering homes/index.html.erb within layouts/application
  Rendered homes/index.html.erb within layouts/application (0.3ms)
Completed 200 OK in 96ms (Views: 93.5ms | ActiveRecord: 0.0ms)


Started GET "/api/v1/shops.json" for 127.0.0.1 at 2018-10-15 15:48:07 -0400
Processing by Api::V1::ShopsController#index as JSON
  [1m[36mShop Load (0.5ms)[0m  [1m[34mSELECT "shops".* FROM "shops"[0m
  ↳ app/controllers/api/v1/shops_controller.rb:5
Completed 200 OK in 3ms (Views: 2.5ms | ActiveRecord: 0.5ms)


Started GET "/" for 127.0.0.1 at 2018-10-15 15:48:14 -0400
Processing by HomesController#index as HTML
  Rendering homes/index.html.erb within layouts/application
  Rendered homes/index.html.erb within layouts/application (0.4ms)
Completed 500 Internal Server Error in 95ms (ActiveRecord: 0.0ms)


  
ActionView::Template::Error (Undefined variable: "$primary-color".):
    3: <head>
    4:   <title>DonutReviews</title>
    5:   <meta name="viewport" content="width=device-width, initial-scale=1.0" />
    6:   <%= stylesheet_link_tag 'application', media: 'all' %>
    7:   
    8:     <%= javascript_include_tag "vendor/modernizr" %>
    9:   
  
app/assets/stylesheets/foundation_and_overrides.scss:995
app/views/layouts/application.html.erb:6:in `_app_views_layouts_application_html_erb___4602260353070741051_70177689636820'
Started GET "/" for 127.0.0.1 at 2018-10-15 15:48:14 -0400
Processing by HomesController#index as HTML
  Rendering homes/index.html.erb within layouts/application
  Rendered homes/index.html.erb within layouts/application (0.3ms)
Completed 500 Internal Server Error in 52ms (ActiveRecord: 0.0ms)


  
ActionView::Template::Error (Undefined variable: "$primary-color".):
    3: <head>
    4:   <title>DonutReviews</title>
    5:   <meta name="viewport" content="width=device-width, initial-scale=1.0" />
    6:   <%= stylesheet_link_tag 'application', media: 'all' %>
    7:   
    8:     <%= javascript_include_tag "vendor/modernizr" %>
    9:   
  
app/assets/stylesheets/foundation_and_overrides.scss:995
app/views/layouts/application.html.erb:6:in `_app_views_layouts_application_html_erb___4602260353070741051_70177707758100'
Started GET "/" for 127.0.0.1 at 2018-10-15 15:48:20 -0400
Processing by HomesController#index as HTML
  Rendering homes/index.html.erb within layouts/application
  Rendered homes/index.html.erb within layouts/application (0.6ms)
Completed 200 OK in 70ms (Views: 67.5ms | ActiveRecord: 0.0ms)


Started GET "/api/v1/shops.json" for 127.0.0.1 at 2018-10-15 15:48:21 -0400
Processing by Api::V1::ShopsController#index as JSON
  [1m[36mShop Load (0.5ms)[0m  [1m[34mSELECT "shops".* FROM "shops"[0m
  ↳ app/controllers/api/v1/shops_controller.rb:5
Completed 200 OK in 3ms (Views: 2.2ms | ActiveRecord: 0.5ms)


Started GET "/" for 127.0.0.1 at 2018-10-15 16:13:23 -0400
Processing by HomesController#index as HTML
  Rendering homes/index.html.erb within layouts/application
  Rendered homes/index.html.erb within layouts/application (0.7ms)
Completed 200 OK in 107ms (Views: 102.9ms | ActiveRecord: 0.0ms)


Started GET "/api/v1/shops.json" for 127.0.0.1 at 2018-10-15 16:13:23 -0400
Processing by Api::V1::ShopsController#index as JSON
  [1m[36mShop Load (1.1ms)[0m  [1m[34mSELECT "shops".* FROM "shops"[0m
  ↳ app/controllers/api/v1/shops_controller.rb:5
Completed 200 OK in 4ms (Views: 2.5ms | ActiveRecord: 1.1ms)


Started GET "/" for 127.0.0.1 at 2018-10-15 17:12:04 -0400
  [1m[35m (1.0ms)[0m  [1m[34mSELECT "schema_migrations"."version" FROM "schema_migrations" ORDER BY "schema_migrations"."version" ASC[0m
  ↳ /Users/Lance/.gem/ruby/2.3.3/gems/activerecord-5.2.1/lib/active_record/log_subscriber.rb:98
Processing by HomesController#index as HTML
  Rendering homes/index.html.erb within layouts/application
  Rendered homes/index.html.erb within layouts/application (1.9ms)
Completed 200 OK in 2618ms (Views: 2616.0ms | ActiveRecord: 0.0ms)


Started GET "/api/v1/shops.json" for 127.0.0.1 at 2018-10-15 17:12:07 -0400
Processing by Api::V1::ShopsController#index as JSON
  [1m[36mShop Load (6.5ms)[0m  [1m[34mSELECT "shops".* FROM "shops"[0m
  ↳ app/controllers/api/v1/shops_controller.rb:5
Completed 200 OK in 66ms (Views: 22.0ms | ActiveRecord: 40.2ms)


Started GET "/" for 127.0.0.1 at 2018-10-15 17:12:10 -0400
Processing by HomesController#index as HTML
  Rendering homes/index.html.erb within layouts/application
  Rendered homes/index.html.erb within layouts/application (0.4ms)
Completed 200 OK in 59ms (Views: 56.5ms | ActiveRecord: 0.0ms)


Started GET "/api/v1/shops.json" for 127.0.0.1 at 2018-10-15 17:12:10 -0400
Processing by Api::V1::ShopsController#index as JSON
  [1m[36mShop Load (0.7ms)[0m  [1m[34mSELECT "shops".* FROM "shops"[0m
  ↳ app/controllers/api/v1/shops_controller.rb:5
Completed 200 OK in 4ms (Views: 2.4ms | ActiveRecord: 0.7ms)


Started GET "/" for 127.0.0.1 at 2018-10-15 17:12:40 -0400
Processing by HomesController#index as HTML
  Rendering homes/index.html.erb within layouts/application
  Rendered homes/index.html.erb within layouts/application (0.4ms)
Completed 200 OK in 84ms (Views: 81.8ms | ActiveRecord: 0.0ms)


Started GET "/api/v1/shops.json" for 127.0.0.1 at 2018-10-15 17:12:40 -0400
Processing by Api::V1::ShopsController#index as JSON
  [1m[36mShop Load (1.3ms)[0m  [1m[34mSELECT "shops".* FROM "shops"[0m
  ↳ app/controllers/api/v1/shops_controller.rb:5
Completed 200 OK in 84ms (Views: 25.5ms | ActiveRecord: 56.6ms)


Started GET "/" for 127.0.0.1 at 2018-10-15 17:15:11 -0400
Processing by HomesController#index as HTML
  Rendering homes/index.html.erb within layouts/application
  Rendered homes/index.html.erb within layouts/application (0.6ms)
Completed 200 OK in 105ms (Views: 101.8ms | ActiveRecord: 0.0ms)


Started GET "/" for 127.0.0.1 at 2018-10-15 17:15:25 -0400
Processing by HomesController#index as HTML
  Rendering homes/index.html.erb within layouts/application
  Rendered homes/index.html.erb within layouts/application (0.4ms)
Completed 200 OK in 55ms (Views: 53.2ms | ActiveRecord: 0.0ms)


Started GET "/api/v1/shops.json" for 127.0.0.1 at 2018-10-15 17:15:26 -0400
Processing by Api::V1::ShopsController#index as JSON
  [1m[36mShop Load (0.5ms)[0m  [1m[34mSELECT "shops".* FROM "shops"[0m
  ↳ app/controllers/api/v1/shops_controller.rb:5
Completed 200 OK in 3ms (Views: 2.4ms | ActiveRecord: 0.5ms)


Started GET "/" for 127.0.0.1 at 2018-10-15 17:15:26 -0400
Processing by HomesController#index as HTML
  Rendering homes/index.html.erb within layouts/application
  Rendered homes/index.html.erb within layouts/application (0.6ms)
Completed 200 OK in 68ms (Views: 65.5ms | ActiveRecord: 0.0ms)


Started GET "/api/v1/shops.json" for 127.0.0.1 at 2018-10-15 17:15:26 -0400
Processing by Api::V1::ShopsController#index as JSON
  [1m[36mShop Load (0.8ms)[0m  [1m[34mSELECT "shops".* FROM "shops"[0m
  ↳ app/controllers/api/v1/shops_controller.rb:5
Completed 200 OK in 4ms (Views: 2.7ms | ActiveRecord: 0.8ms)


Started GET "/" for 127.0.0.1 at 2018-10-15 17:15:29 -0400
Processing by HomesController#index as HTML
  Rendering homes/index.html.erb within layouts/application
  Rendered homes/index.html.erb within layouts/application (0.4ms)
Completed 200 OK in 80ms (Views: 76.2ms | ActiveRecord: 0.0ms)


Started GET "/" for 127.0.0.1 at 2018-10-15 17:15:29 -0400
Processing by HomesController#index as HTML
  Rendering homes/index.html.erb within layouts/application
  Rendered homes/index.html.erb within layouts/application (1.0ms)
Completed 200 OK in 161ms (Views: 156.9ms | ActiveRecord: 0.0ms)


Started GET "/api/v1/shops.json" for 127.0.0.1 at 2018-10-15 17:15:29 -0400
Processing by Api::V1::ShopsController#index as JSON
  [1m[36mShop Load (2.0ms)[0m  [1m[34mSELECT "shops".* FROM "shops"[0m
  ↳ app/controllers/api/v1/shops_controller.rb:5
Completed 200 OK in 5ms (Views: 3.1ms | ActiveRecord: 2.0ms)


Started GET "/api/v1/shops.json" for 127.0.0.1 at 2018-10-15 17:15:29 -0400
Processing by Api::V1::ShopsController#index as JSON
  [1m[36mShop Load (0.6ms)[0m  [1m[34mSELECT "shops".* FROM "shops"[0m
  ↳ app/controllers/api/v1/shops_controller.rb:5
Completed 200 OK in 4ms (Views: 2.8ms | ActiveRecord: 0.6ms)


Started GET "/" for 127.0.0.1 at 2018-10-15 17:15:31 -0400
Processing by HomesController#index as HTML
  Rendering homes/index.html.erb within layouts/application
  Rendered homes/index.html.erb within layouts/application (0.4ms)
Completed 200 OK in 73ms (Views: 70.3ms | ActiveRecord: 0.0ms)


Started GET "/api/v1/shops.json" for 127.0.0.1 at 2018-10-15 17:15:31 -0400
Processing by Api::V1::ShopsController#index as JSON
  [1m[36mShop Load (4.0ms)[0m  [1m[34mSELECT "shops".* FROM "shops"[0m
  ↳ app/controllers/api/v1/shops_controller.rb:5
Completed 200 OK in 8ms (Views: 4.1ms | ActiveRecord: 4.0ms)


Started GET "/" for 127.0.0.1 at 2018-10-15 17:17:28 -0400
Processing by HomesController#index as HTML
  Rendering homes/index.html.erb within layouts/application
  Rendered homes/index.html.erb within layouts/application (0.4ms)
Completed 200 OK in 71ms (Views: 68.5ms | ActiveRecord: 0.0ms)


Started GET "/api/v1/shops.json" for 127.0.0.1 at 2018-10-15 17:17:28 -0400
Processing by Api::V1::ShopsController#index as JSON
Completed 500 Internal Server Error in 6ms (ActiveRecord: 0.0ms)


  
ArgumentError (You need to supply at least one validation):
  
app/models/shop.rb:9:in `<class:Shop>'
app/models/shop.rb:2:in `<main>'
app/controllers/api/v1/shops_controller.rb:5:in `index'
Started GET "/" for 127.0.0.1 at 2018-10-15 17:17:29 -0400
Processing by HomesController#index as HTML
  Rendering homes/index.html.erb within layouts/application
  Rendered homes/index.html.erb within layouts/application (0.4ms)
Completed 200 OK in 75ms (Views: 73.5ms | ActiveRecord: 0.0ms)


Started GET "/api/v1/shops.json" for 127.0.0.1 at 2018-10-15 17:17:30 -0400
Processing by Api::V1::ShopsController#index as JSON
Completed 500 Internal Server Error in 3ms (ActiveRecord: 0.0ms)


  
ArgumentError (You need to supply at least one validation):
  
app/models/shop.rb:9:in `<class:Shop>'
app/models/shop.rb:2:in `<main>'
app/controllers/api/v1/shops_controller.rb:5:in `index'
Started GET "/" for 127.0.0.1 at 2018-10-15 17:17:31 -0400
Processing by HomesController#index as HTML
  Rendering homes/index.html.erb within layouts/application
  Rendered homes/index.html.erb within layouts/application (0.3ms)
Completed 200 OK in 62ms (Views: 59.9ms | ActiveRecord: 0.0ms)


Started GET "/" for 127.0.0.1 at 2018-10-15 17:17:31 -0400
Processing by HomesController#index as HTML
  Rendering homes/index.html.erb within layouts/application
  Rendered homes/index.html.erb within layouts/application (0.3ms)
Started GET "/" for 127.0.0.1 at 2018-10-15 17:17:31 -0400
Processing by HomesController#index as HTML
  Rendering homes/index.html.erb within layouts/application
  Rendered homes/index.html.erb within layouts/application (0.5ms)
Completed 200 OK in 181ms (Views: 179.1ms | ActiveRecord: 0.0ms)


Completed 200 OK in 113ms (Views: 111.4ms | ActiveRecord: 0.0ms)


Started GET "/api/v1/shops.json" for 127.0.0.1 at 2018-10-15 17:17:32 -0400
Processing by Api::V1::ShopsController#index as JSON
Completed 500 Internal Server Error in 3ms (ActiveRecord: 0.0ms)


  
ArgumentError (You need to supply at least one validation):
  
app/models/shop.rb:9:in `<class:Shop>'
app/models/shop.rb:2:in `<main>'
app/controllers/api/v1/shops_controller.rb:5:in `index'
Started GET "/" for 127.0.0.1 at 2018-10-15 17:17:41 -0400
Processing by HomesController#index as HTML
  Rendering homes/index.html.erb within layouts/application
  Rendered homes/index.html.erb within layouts/application (0.6ms)
Completed 200 OK in 118ms (Views: 113.9ms | ActiveRecord: 0.0ms)


Started GET "/api/v1/shops.json" for 127.0.0.1 at 2018-10-15 17:17:42 -0400
Processing by Api::V1::ShopsController#index as JSON
Completed 500 Internal Server Error in 3ms (ActiveRecord: 0.0ms)


  
ArgumentError (You need to supply at least one validation):
  
app/models/shop.rb:9:in `<class:Shop>'
app/models/shop.rb:2:in `<main>'
app/controllers/api/v1/shops_controller.rb:5:in `index'
Started GET "/" for 127.0.0.1 at 2018-10-15 17:18:24 -0400
Processing by HomesController#index as HTML
  Rendering homes/index.html.erb within layouts/application
  Rendered homes/index.html.erb within layouts/application (0.5ms)
Completed 200 OK in 46ms (Views: 43.9ms | ActiveRecord: 0.0ms)


Started GET "/api/v1/shops.json" for 127.0.0.1 at 2018-10-15 17:18:25 -0400
Processing by Api::V1::ShopsController#index as JSON
Completed 500 Internal Server Error in 15ms (ActiveRecord: 0.0ms)


  
ArgumentError (You need to supply at least one validation):
  
app/models/shop.rb:9:in `<class:Shop>'
app/models/shop.rb:2:in `<main>'
app/controllers/api/v1/shops_controller.rb:5:in `index'
Started GET "/" for 127.0.0.1 at 2018-10-15 17:18:46 -0400
  [1m[35m (12.0ms)[0m  [1m[34mSELECT "schema_migrations"."version" FROM "schema_migrations" ORDER BY "schema_migrations"."version" ASC[0m
  ↳ /Users/Lance/.gem/ruby/2.3.3/gems/activerecord-5.2.1/lib/active_record/log_subscriber.rb:98
Processing by HomesController#index as HTML
  Rendering homes/index.html.erb within layouts/application
  Rendered homes/index.html.erb within layouts/application (1.6ms)
Completed 200 OK in 2651ms (Views: 2648.6ms | ActiveRecord: 0.0ms)


Started GET "/" for 127.0.0.1 at 2018-10-15 17:18:49 -0400
Processing by HomesController#index as HTML
  Rendering homes/index.html.erb within layouts/application
  Rendered homes/index.html.erb within layouts/application (0.5ms)
Completed 200 OK in 68ms (Views: 64.9ms | ActiveRecord: 0.0ms)


Started GET "/api/v1/shops.json" for 127.0.0.1 at 2018-10-15 17:18:50 -0400
Processing by Api::V1::ShopsController#index as JSON
Completed 500 Internal Server Error in 3ms (ActiveRecord: 0.0ms)


  
ArgumentError (You need to supply at least one validation):
  
app/models/shop.rb:9:in `<class:Shop>'
app/models/shop.rb:2:in `<main>'
app/controllers/api/v1/shops_controller.rb:5:in `index'
Started GET "/" for 127.0.0.1 at 2018-10-15 17:19:14 -0400
Processing by HomesController#index as HTML
  Rendering homes/index.html.erb within layouts/application
  Rendered homes/index.html.erb within layouts/application (0.4ms)
Completed 200 OK in 78ms (Views: 75.0ms | ActiveRecord: 0.0ms)


Started GET "/api/v1/shops.json" for 127.0.0.1 at 2018-10-15 17:19:14 -0400
Processing by Api::V1::ShopsController#index as JSON
Completed 500 Internal Server Error in 16ms (ActiveRecord: 0.0ms)


  
ArgumentError (You need to supply at least one validation):
  
app/models/shop.rb:9:in `<class:Shop>'
app/models/shop.rb:2:in `<main>'
app/controllers/api/v1/shops_controller.rb:5:in `index'
Started GET "/" for 127.0.0.1 at 2018-10-15 17:19:42 -0400
Processing by HomesController#index as HTML
  Rendering homes/index.html.erb within layouts/application
  Rendered homes/index.html.erb within layouts/application (0.5ms)
Completed 200 OK in 80ms (Views: 77.4ms | ActiveRecord: 0.0ms)


Started GET "/" for 127.0.0.1 at 2018-10-15 17:19:42 -0400
Processing by HomesController#index as HTML
  Rendering homes/index.html.erb within layouts/application
  Rendered homes/index.html.erb within layouts/application (0.5ms)
Completed 200 OK in 91ms (Views: 88.0ms | ActiveRecord: 0.0ms)


Started GET "/api/v1/shops.json" for 127.0.0.1 at 2018-10-15 17:19:43 -0400
Processing by Api::V1::ShopsController#index as JSON
Completed 500 Internal Server Error in 4ms (ActiveRecord: 0.0ms)


  
ArgumentError (You need to supply at least one validation):
  
app/models/shop.rb:9:in `<class:Shop>'
app/models/shop.rb:2:in `<main>'
app/controllers/api/v1/shops_controller.rb:5:in `index'
Started GET "/" for 127.0.0.1 at 2018-10-15 17:19:47 -0400
Processing by HomesController#index as HTML
  Rendering homes/index.html.erb within layouts/application
  Rendered homes/index.html.erb within layouts/application (0.4ms)
Completed 200 OK in 76ms (Views: 72.8ms | ActiveRecord: 0.0ms)


Started GET "/api/v1/shops.json" for 127.0.0.1 at 2018-10-15 17:19:48 -0400
Processing by Api::V1::ShopsController#index as JSON
Completed 500 Internal Server Error in 14ms (ActiveRecord: 0.0ms)


  
ArgumentError (You need to supply at least one validation):
  
app/models/shop.rb:9:in `<class:Shop>'
app/models/shop.rb:2:in `<main>'
app/controllers/api/v1/shops_controller.rb:5:in `index'
Started GET "/" for 127.0.0.1 at 2018-10-15 17:20:15 -0400
Processing by HomesController#index as HTML
  Rendering homes/index.html.erb within layouts/application
  Rendered homes/index.html.erb within layouts/application (0.8ms)
Completed 200 OK in 67ms (Views: 63.5ms | ActiveRecord: 0.0ms)


Started GET "/api/v1/shops.json" for 127.0.0.1 at 2018-10-15 17:20:15 -0400
Processing by Api::V1::ShopsController#index as JSON
Completed 500 Internal Server Error in 2ms (ActiveRecord: 0.0ms)


  
ArgumentError (You need to supply at least one validation):
  
app/models/shop.rb:9:in `<class:Shop>'
app/models/shop.rb:2:in `<main>'
app/controllers/api/v1/shops_controller.rb:5:in `index'
Started GET "/" for 127.0.0.1 at 2018-10-15 17:20:28 -0400
Processing by HomesController#index as HTML
  Rendering homes/index.html.erb within layouts/application
  Rendered homes/index.html.erb within layouts/application (0.6ms)
Completed 200 OK in 54ms (Views: 51.6ms | ActiveRecord: 0.0ms)


Started GET "/api/v1/shops.json" for 127.0.0.1 at 2018-10-15 17:20:29 -0400
Processing by Api::V1::ShopsController#index as JSON
Completed 500 Internal Server Error in 2ms (ActiveRecord: 0.0ms)


  
ArgumentError (You need to supply at least one validation):
  
app/models/shop.rb:9:in `<class:Shop>'
app/models/shop.rb:2:in `<main>'
app/controllers/api/v1/shops_controller.rb:5:in `index'
Started GET "/" for 127.0.0.1 at 2018-10-15 17:21:11 -0400
Processing by HomesController#index as HTML
  Rendering homes/index.html.erb within layouts/application
  Rendered homes/index.html.erb within layouts/application (0.4ms)
Completed 200 OK in 71ms (Views: 68.3ms | ActiveRecord: 0.0ms)


Started GET "/api/v1/shops.json" for 127.0.0.1 at 2018-10-15 17:21:12 -0400
Processing by Api::V1::ShopsController#index as JSON
Completed 500 Internal Server Error in 16ms (ActiveRecord: 0.0ms)


  
ArgumentError (You need to supply at least one validation):
  
app/models/shop.rb:9:in `<class:Shop>'
app/models/shop.rb:2:in `<main>'
app/controllers/api/v1/shops_controller.rb:5:in `index'
Started GET "/" for 127.0.0.1 at 2018-10-15 17:21:37 -0400
Processing by HomesController#index as HTML
  Rendering homes/index.html.erb within layouts/application
  Rendered homes/index.html.erb within layouts/application (1.7ms)
Completed 200 OK in 135ms (Views: 131.5ms | ActiveRecord: 0.0ms)


Started GET "/" for 127.0.0.1 at 2018-10-15 17:21:37 -0400
Processing by HomesController#index as HTML
  Rendering homes/index.html.erb within layouts/application
  Rendered homes/index.html.erb within layouts/application (0.4ms)
Completed 200 OK in 63ms (Views: 60.3ms | ActiveRecord: 0.0ms)


Started GET "/" for 127.0.0.1 at 2018-10-15 17:21:52 -0400
Processing by HomesController#index as HTML
  Rendering homes/index.html.erb within layouts/application
  Rendered homes/index.html.erb within layouts/application (0.6ms)
Completed 200 OK in 70ms (Views: 66.4ms | ActiveRecord: 0.0ms)


Started GET "/api/v1/shops.json" for 127.0.0.1 at 2018-10-15 17:21:53 -0400
Processing by Api::V1::ShopsController#index as JSON
Completed 500 Internal Server Error in 14ms (ActiveRecord: 0.0ms)


  
ArgumentError (You need to supply at least one validation):
  
app/models/shop.rb:9:in `<class:Shop>'
app/models/shop.rb:2:in `<main>'
app/controllers/api/v1/shops_controller.rb:5:in `index'
Started GET "/" for 127.0.0.1 at 2018-10-15 17:21:53 -0400
Processing by HomesController#index as HTML
  Rendering homes/index.html.erb within layouts/application
  Rendered homes/index.html.erb within layouts/application (0.7ms)
Completed 200 OK in 299ms (Views: 296.8ms | ActiveRecord: 0.0ms)


Started GET "/api/v1/shops.json" for 127.0.0.1 at 2018-10-15 17:21:54 -0400
Processing by Api::V1::ShopsController#index as JSON
Completed 500 Internal Server Error in 3ms (ActiveRecord: 0.0ms)


  
ArgumentError (You need to supply at least one validation):
  
app/models/shop.rb:9:in `<class:Shop>'
app/models/shop.rb:2:in `<main>'
app/controllers/api/v1/shops_controller.rb:5:in `index'
Started GET "/" for 127.0.0.1 at 2018-10-15 17:22:46 -0400
Processing by HomesController#index as HTML
  Rendering homes/index.html.erb within layouts/application
  Rendered homes/index.html.erb within layouts/application (1.8ms)
Completed 200 OK in 148ms (Views: 142.7ms | ActiveRecord: 0.0ms)


Started GET "/api/v1/shops.json" for 127.0.0.1 at 2018-10-15 17:22:47 -0400
Processing by Api::V1::ShopsController#index as JSON
Completed 500 Internal Server Error in 12ms (ActiveRecord: 0.0ms)


  
ArgumentError (You need to supply at least one validation):
  
app/models/shop.rb:9:in `<class:Shop>'
app/models/shop.rb:2:in `<main>'
app/controllers/api/v1/shops_controller.rb:5:in `index'
Started GET "/" for 127.0.0.1 at 2018-10-15 17:22:47 -0400
Processing by HomesController#index as HTML
  Rendering homes/index.html.erb within layouts/application
  Rendered homes/index.html.erb within layouts/application (0.5ms)
Completed 200 OK in 254ms (Views: 251.0ms | ActiveRecord: 0.0ms)


Started GET "/api/v1/shops.json" for 127.0.0.1 at 2018-10-15 17:22:48 -0400
Processing by Api::V1::ShopsController#index as JSON
Completed 500 Internal Server Error in 3ms (ActiveRecord: 0.0ms)


  
ArgumentError (You need to supply at least one validation):
  
app/models/shop.rb:9:in `<class:Shop>'
app/models/shop.rb:2:in `<main>'
app/controllers/api/v1/shops_controller.rb:5:in `index'
Started GET "/" for 127.0.0.1 at 2018-10-15 17:22:59 -0400
Processing by HomesController#index as HTML
  Rendering homes/index.html.erb within layouts/application
  Rendered homes/index.html.erb within layouts/application (0.4ms)
Completed 200 OK in 83ms (Views: 78.3ms | ActiveRecord: 0.0ms)


Started GET "/api/v1/shops.json" for 127.0.0.1 at 2018-10-15 17:23:00 -0400
Processing by Api::V1::ShopsController#index as JSON
Completed 500 Internal Server Error in 3ms (ActiveRecord: 0.0ms)


  
ArgumentError (You need to supply at least one validation):
  
app/models/shop.rb:9:in `<class:Shop>'
app/models/shop.rb:2:in `<main>'
app/controllers/api/v1/shops_controller.rb:5:in `index'
Started GET "/" for 127.0.0.1 at 2018-10-15 17:24:11 -0400
Processing by HomesController#index as HTML
  Rendering homes/index.html.erb within layouts/application
  Rendered homes/index.html.erb within layouts/application (0.4ms)
Completed 200 OK in 70ms (Views: 67.7ms | ActiveRecord: 0.0ms)


Started GET "/api/v1/shops.json" for 127.0.0.1 at 2018-10-15 17:24:12 -0400
Processing by Api::V1::ShopsController#index as JSON
  [1m[36mShop Load (4.2ms)[0m  [1m[34mSELECT "shops".* FROM "shops"[0m
  ↳ app/controllers/api/v1/shops_controller.rb:5
Completed 200 OK in 73ms (Views: 22.1ms | ActiveRecord: 39.6ms)


Started GET "/" for 127.0.0.1 at 2018-10-15 17:24:31 -0400
Processing by HomesController#index as HTML
  Rendering homes/index.html.erb within layouts/application
  Rendered homes/index.html.erb within layouts/application (0.6ms)
Completed 200 OK in 46ms (Views: 43.9ms | ActiveRecord: 0.0ms)


Started GET "/api/v1/shops.json" for 127.0.0.1 at 2018-10-15 17:24:32 -0400
Processing by Api::V1::ShopsController#index as JSON
  [1m[36mShop Load (1.0ms)[0m  [1m[34mSELECT "shops".* FROM "shops"[0m
  ↳ app/controllers/api/v1/shops_controller.rb:5
Completed 200 OK in 66ms (Views: 22.2ms | ActiveRecord: 32.7ms)


Started GET "/" for 127.0.0.1 at 2018-10-16 14:17:22 -0400
  [1m[35m (1.9ms)[0m  [1m[34mSELECT "schema_migrations"."version" FROM "schema_migrations" ORDER BY "schema_migrations"."version" ASC[0m
  ↳ /Users/Lance/.gem/ruby/2.3.3/gems/activerecord-5.2.1/lib/active_record/log_subscriber.rb:98
Processing by HomesController#index as HTML
  Rendering homes/index.html.erb within layouts/application
  Rendered homes/index.html.erb within layouts/application (1.3ms)
Completed 200 OK in 2550ms (Views: 2547.5ms | ActiveRecord: 0.0ms)


Started GET "/" for 127.0.0.1 at 2018-10-16 14:17:45 -0400
Processing by HomesController#index as HTML
  Rendering homes/index.html.erb within layouts/application
  Rendered homes/index.html.erb within layouts/application (0.4ms)
Completed 200 OK in 87ms (Views: 85.4ms | ActiveRecord: 0.0ms)


Started GET "/" for 127.0.0.1 at 2018-10-16 14:18:18 -0400
Processing by HomesController#index as HTML
  Rendering homes/index.html.erb within layouts/application
  Rendered homes/index.html.erb within layouts/application (0.5ms)
Completed 200 OK in 61ms (Views: 59.0ms | ActiveRecord: 0.0ms)


Started GET "/" for 127.0.0.1 at 2018-10-16 14:19:00 -0400
Processing by HomesController#index as HTML
  Rendering homes/index.html.erb within layouts/application
  Rendered homes/index.html.erb within layouts/application (0.3ms)
Completed 200 OK in 62ms (Views: 59.2ms | ActiveRecord: 0.0ms)


Started GET "/" for 127.0.0.1 at 2018-10-16 14:19:00 -0400
Processing by HomesController#index as HTML
  Rendering homes/index.html.erb within layouts/application
  Rendered homes/index.html.erb within layouts/application (0.5ms)
Completed 200 OK in 116ms (Views: 112.7ms | ActiveRecord: 0.0ms)


